[1.421s] DEBUG:colcon:Command line arguments: ['/usr/bin/colcon', 'build']
[1.421s] DEBUG:colcon:Parsed command line arguments: Namespace(log_base=None, log_level=None, verb_name='build', build_base='build', install_base='install', merge_install=False, symlink_install=False, test_result_base=None, continue_on_error=False, executor='parallel', parallel_workers=4, event_handlers=None, ignore_user_meta=False, metas=['./colcon.meta'], base_paths=['.'], packages_ignore=None, packages_ignore_regex=None, paths=None, packages_up_to=None, packages_up_to_regex=None, packages_above=None, packages_above_and_dependencies=None, packages_above_depth=None, packages_select_by_dep=None, packages_skip_by_dep=None, packages_skip_up_to=None, packages_select_build_failed=False, packages_skip_build_finished=False, packages_select_test_failures=False, packages_skip_test_passed=False, packages_select=None, packages_skip=None, packages_select_regex=None, packages_skip_regex=None, packages_start=None, packages_end=None, allow_overriding=[], cmake_args=None, cmake_target=None, cmake_target_skip_unavailable=False, cmake_clean_cache=False, cmake_clean_first=False, cmake_force_configure=False, ament_cmake_args=None, catkin_cmake_args=None, catkin_skip_building_tests=False, verb_parser=<colcon_defaults.argument_parser.defaults.DefaultArgumentsDecorator object at 0x7f52dc7576a0>, verb_extension=<colcon_core.verb.build.BuildVerb object at 0x7f52dc754220>, main=<bound method BuildVerb.main of <colcon_core.verb.build.BuildVerb object at 0x7f52dc754220>>)
[9.513s] Level 1:colcon.colcon_core.package_discovery:discover_packages(colcon_meta) check parameters
[9.514s] Level 1:colcon.colcon_core.package_discovery:discover_packages(recursive) check parameters
[9.514s] Level 1:colcon.colcon_core.package_discovery:discover_packages(ignore) check parameters
[9.514s] Level 1:colcon.colcon_core.package_discovery:discover_packages(path) check parameters
[9.514s] Level 1:colcon.colcon_core.package_discovery:discover_packages(colcon_meta) discover
[9.514s] Level 1:colcon.colcon_core.package_discovery:discover_packages(recursive) discover
[9.514s] INFO:colcon.colcon_core.package_discovery:Crawling recursively for packages in '/home/celestino/ros2_feng_ws'
[9.514s] Level 1:colcon.colcon_core.package_identification:_identify(.) by extensions ['ignore', 'ignore_ament_install']
[9.514s] Level 1:colcon.colcon_core.package_identification:_identify(.) by extension 'ignore'
[9.514s] Level 1:colcon.colcon_core.package_identification:_identify(.) by extension 'ignore_ament_install'
[9.514s] Level 1:colcon.colcon_core.package_identification:_identify(.) by extensions ['colcon_pkg']
[9.514s] Level 1:colcon.colcon_core.package_identification:_identify(.) by extension 'colcon_pkg'
[9.514s] Level 1:colcon.colcon_core.package_identification:_identify(.) by extensions ['colcon_meta']
[9.515s] Level 1:colcon.colcon_core.package_identification:_identify(.) by extension 'colcon_meta'
[9.515s] Level 1:colcon.colcon_core.package_identification:_identify(.) by extensions ['ros']
[9.515s] Level 1:colcon.colcon_core.package_identification:_identify(.) by extension 'ros'
[9.543s] Level 1:colcon.colcon_core.package_identification:_identify(.) by extensions ['cmake', 'python']
[9.543s] Level 1:colcon.colcon_core.package_identification:_identify(.) by extension 'cmake'
[9.543s] Level 1:colcon.colcon_core.package_identification:_identify(.) by extension 'python'
[9.543s] Level 1:colcon.colcon_core.package_identification:_identify(.) by extensions ['python_setup_py']
[9.543s] Level 1:colcon.colcon_core.package_identification:_identify(.) by extension 'python_setup_py'
[9.543s] Level 1:colcon.colcon_core.package_identification:_identify(build) by extensions ['ignore', 'ignore_ament_install']
[9.543s] Level 1:colcon.colcon_core.package_identification:_identify(build) by extension 'ignore'
[9.543s] Level 1:colcon.colcon_core.package_identification:_identify(build) ignored
[9.544s] Level 1:colcon.colcon_core.package_identification:_identify(install) by extensions ['ignore', 'ignore_ament_install']
[9.544s] Level 1:colcon.colcon_core.package_identification:_identify(install) by extension 'ignore'
[9.544s] Level 1:colcon.colcon_core.package_identification:_identify(install) ignored
[9.544s] Level 1:colcon.colcon_core.package_identification:_identify(log) by extensions ['ignore', 'ignore_ament_install']
[9.544s] Level 1:colcon.colcon_core.package_identification:_identify(log) by extension 'ignore'
[9.544s] Level 1:colcon.colcon_core.package_identification:_identify(log) ignored
[9.544s] Level 1:colcon.colcon_core.package_identification:_identify(src) by extensions ['ignore', 'ignore_ament_install']
[9.544s] Level 1:colcon.colcon_core.package_identification:_identify(src) by extension 'ignore'
[9.544s] Level 1:colcon.colcon_core.package_identification:_identify(src) by extension 'ignore_ament_install'
[9.545s] Level 1:colcon.colcon_core.package_identification:_identify(src) by extensions ['colcon_pkg']
[9.545s] Level 1:colcon.colcon_core.package_identification:_identify(src) by extension 'colcon_pkg'
[9.545s] Level 1:colcon.colcon_core.package_identification:_identify(src) by extensions ['colcon_meta']
[9.545s] Level 1:colcon.colcon_core.package_identification:_identify(src) by extension 'colcon_meta'
[9.545s] Level 1:colcon.colcon_core.package_identification:_identify(src) by extensions ['ros']
[9.545s] Level 1:colcon.colcon_core.package_identification:_identify(src) by extension 'ros'
[9.545s] Level 1:colcon.colcon_core.package_identification:_identify(src) by extensions ['cmake', 'python']
[9.545s] Level 1:colcon.colcon_core.package_identification:_identify(src) by extension 'cmake'
[9.545s] Level 1:colcon.colcon_core.package_identification:_identify(src) by extension 'python'
[9.545s] Level 1:colcon.colcon_core.package_identification:_identify(src) by extensions ['python_setup_py']
[9.545s] Level 1:colcon.colcon_core.package_identification:_identify(src) by extension 'python_setup_py'
[9.545s] Level 1:colcon.colcon_core.package_discovery:discover_packages(recursive) using defaults
[9.545s] Level 1:colcon.colcon_core.package_discovery:discover_packages(ignore) discover
[9.545s] Level 1:colcon.colcon_core.package_discovery:discover_packages(ignore) using defaults
[9.545s] Level 1:colcon.colcon_core.package_discovery:discover_packages(path) discover
[9.545s] Level 1:colcon.colcon_core.package_discovery:discover_packages(path) using defaults
[9.857s] Level 1:colcon.colcon_core.package_discovery:discover_packages(prefix_path) check parameters
[9.857s] Level 1:colcon.colcon_core.package_discovery:discover_packages(prefix_path) discover
[9.947s] DEBUG:colcon.colcon_installed_package_information.package_discovery:Found 345 installed packages in /home/celestino/ros2_humble/install
[9.950s] DEBUG:colcon.colcon_installed_package_information.package_discovery:Found 2 installed packages in /home/celestino/ros2_ws/install
[9.952s] DEBUG:colcon.colcon_installed_package_information.package_discovery:Found 124 installed packages in /opt/ros/humble
[9.964s] Level 1:colcon.colcon_core.package_discovery:discover_packages(prefix_path) using defaults
[18.052s] INFO:colcon.colcon_core.executor:Executing jobs using 'parallel' executor
[18.054s] DEBUG:colcon.colcon_parallel_executor.executor.parallel:run_until_complete
[18.054s] DEBUG:colcon.colcon_parallel_executor.executor.parallel:closing loop
[18.054s] DEBUG:colcon.colcon_parallel_executor.executor.parallel:loop closed
[18.054s] DEBUG:colcon.colcon_parallel_executor.executor.parallel:run_until_complete finished with '0'
[18.054s] DEBUG:colcon.colcon_core.event_reactor:joining thread
[18.145s] INFO:colcon.colcon_core.plugin_system:Skipping extension 'colcon_notification.desktop_notification.terminal_notifier': Not used on non-Darwin systems
[18.146s] INFO:colcon.colcon_core.plugin_system:Skipping extension 'colcon_notification.desktop_notification.win32': Not used on non-Windows systems
[18.146s] INFO:colcon.colcon_notification.desktop_notification:Sending desktop notification using 'notify2'
[18.177s] DEBUG:colcon.colcon_core.event_reactor:joined thread
[18.291s] INFO:colcon.colcon_core.plugin_system:Skipping extension 'colcon_core.shell.bat': Not used on non-Windows systems
[18.292s] INFO:colcon.colcon_core.shell:Creating prefix script '/home/celestino/ros2_feng_ws/install/local_setup.ps1'
[18.307s] INFO:colcon.colcon_core.shell:Creating prefix util module '/home/celestino/ros2_feng_ws/install/_local_setup_util_ps1.py'
[18.324s] INFO:colcon.colcon_core.shell:Creating prefix chain script '/home/celestino/ros2_feng_ws/install/setup.ps1'
[18.455s] INFO:colcon.colcon_core.shell:Creating prefix script '/home/celestino/ros2_feng_ws/install/local_setup.sh'
[18.487s] INFO:colcon.colcon_core.shell:Creating prefix util module '/home/celestino/ros2_feng_ws/install/_local_setup_util_sh.py'
[18.489s] INFO:colcon.colcon_core.shell:Creating prefix chain script '/home/celestino/ros2_feng_ws/install/setup.sh'
[18.532s] INFO:colcon.colcon_core.shell:Creating prefix script '/home/celestino/ros2_feng_ws/install/local_setup.bash'
[18.534s] INFO:colcon.colcon_core.shell:Creating prefix chain script '/home/celestino/ros2_feng_ws/install/setup.bash'
[18.556s] INFO:colcon.colcon_core.shell:Creating prefix script '/home/celestino/ros2_feng_ws/install/local_setup.zsh'
[18.557s] INFO:colcon.colcon_core.shell:Creating prefix chain script '/home/celestino/ros2_feng_ws/install/setup.zsh'
