[0.443s] DEBUG:colcon:Command line arguments: ['/usr/bin/colcon', 'build']
[0.443s] DEBUG:colcon:Parsed command line arguments: Namespace(log_base=None, log_level=None, verb_name='build', build_base='build', install_base='install', merge_install=False, symlink_install=False, test_result_base=None, continue_on_error=False, executor='parallel', parallel_workers=4, event_handlers=None, ignore_user_meta=False, metas=['./colcon.meta'], base_paths=['.'], packages_ignore=None, packages_ignore_regex=None, paths=None, packages_up_to=None, packages_up_to_regex=None, packages_above=None, packages_above_and_dependencies=None, packages_above_depth=None, packages_select_by_dep=None, packages_skip_by_dep=None, packages_skip_up_to=None, packages_select_build_failed=False, packages_skip_build_finished=False, packages_select_test_failures=False, packages_skip_test_passed=False, packages_select=None, packages_skip=None, packages_select_regex=None, packages_skip_regex=None, packages_start=None, packages_end=None, allow_overriding=[], cmake_args=None, cmake_target=None, cmake_target_skip_unavailable=False, cmake_clean_cache=False, cmake_clean_first=False, cmake_force_configure=False, ament_cmake_args=None, catkin_cmake_args=None, catkin_skip_building_tests=False, verb_parser=<colcon_defaults.argument_parser.defaults.DefaultArgumentsDecorator object at 0x7aa06429b6d0>, verb_extension=<colcon_core.verb.build.BuildVerb object at 0x7aa064298250>, main=<bound method BuildVerb.main of <colcon_core.verb.build.BuildVerb object at 0x7aa064298250>>)
[0.904s] Level 1:colcon.colcon_core.package_discovery:discover_packages(colcon_meta) check parameters
[0.904s] Level 1:colcon.colcon_core.package_discovery:discover_packages(recursive) check parameters
[0.905s] Level 1:colcon.colcon_core.package_discovery:discover_packages(ignore) check parameters
[0.905s] Level 1:colcon.colcon_core.package_discovery:discover_packages(path) check parameters
[0.905s] Level 1:colcon.colcon_core.package_discovery:discover_packages(colcon_meta) discover
[0.905s] Level 1:colcon.colcon_core.package_discovery:discover_packages(recursive) discover
[0.905s] INFO:colcon.colcon_core.package_discovery:Crawling recursively for packages in '/home/celestino/ros2_feng_ws'
[0.905s] Level 1:colcon.colcon_core.package_identification:_identify(.) by extensions ['ignore', 'ignore_ament_install']
[0.905s] Level 1:colcon.colcon_core.package_identification:_identify(.) by extension 'ignore'
[0.905s] Level 1:colcon.colcon_core.package_identification:_identify(.) by extension 'ignore_ament_install'
[0.905s] Level 1:colcon.colcon_core.package_identification:_identify(.) by extensions ['colcon_pkg']
[0.905s] Level 1:colcon.colcon_core.package_identification:_identify(.) by extension 'colcon_pkg'
[0.905s] Level 1:colcon.colcon_core.package_identification:_identify(.) by extensions ['colcon_meta']
[0.905s] Level 1:colcon.colcon_core.package_identification:_identify(.) by extension 'colcon_meta'
[0.906s] Level 1:colcon.colcon_core.package_identification:_identify(.) by extensions ['ros']
[0.906s] Level 1:colcon.colcon_core.package_identification:_identify(.) by extension 'ros'
[0.928s] Level 1:colcon.colcon_core.package_identification:_identify(.) by extensions ['cmake', 'python']
[0.928s] Level 1:colcon.colcon_core.package_identification:_identify(.) by extension 'cmake'
[0.928s] Level 1:colcon.colcon_core.package_identification:_identify(.) by extension 'python'
[0.928s] Level 1:colcon.colcon_core.package_identification:_identify(.) by extensions ['python_setup_py']
[0.928s] Level 1:colcon.colcon_core.package_identification:_identify(.) by extension 'python_setup_py'
[0.928s] Level 1:colcon.colcon_core.package_identification:_identify(build) by extensions ['ignore', 'ignore_ament_install']
[0.928s] Level 1:colcon.colcon_core.package_identification:_identify(build) by extension 'ignore'
[0.929s] Level 1:colcon.colcon_core.package_identification:_identify(build) ignored
[0.929s] Level 1:colcon.colcon_core.package_identification:_identify(install) by extensions ['ignore', 'ignore_ament_install']
[0.929s] Level 1:colcon.colcon_core.package_identification:_identify(install) by extension 'ignore'
[0.929s] Level 1:colcon.colcon_core.package_identification:_identify(install) ignored
[0.929s] Level 1:colcon.colcon_core.package_identification:_identify(log) by extensions ['ignore', 'ignore_ament_install']
[0.929s] Level 1:colcon.colcon_core.package_identification:_identify(log) by extension 'ignore'
[0.929s] Level 1:colcon.colcon_core.package_identification:_identify(log) ignored
[0.929s] Level 1:colcon.colcon_core.package_identification:_identify(src) by extensions ['ignore', 'ignore_ament_install']
[0.930s] Level 1:colcon.colcon_core.package_identification:_identify(src) by extension 'ignore'
[0.930s] Level 1:colcon.colcon_core.package_identification:_identify(src) by extension 'ignore_ament_install'
[0.930s] Level 1:colcon.colcon_core.package_identification:_identify(src) by extensions ['colcon_pkg']
[0.930s] Level 1:colcon.colcon_core.package_identification:_identify(src) by extension 'colcon_pkg'
[0.930s] Level 1:colcon.colcon_core.package_identification:_identify(src) by extensions ['colcon_meta']
[0.930s] Level 1:colcon.colcon_core.package_identification:_identify(src) by extension 'colcon_meta'
[0.930s] Level 1:colcon.colcon_core.package_identification:_identify(src) by extensions ['ros']
[0.930s] Level 1:colcon.colcon_core.package_identification:_identify(src) by extension 'ros'
[0.930s] Level 1:colcon.colcon_core.package_identification:_identify(src) by extensions ['cmake', 'python']
[0.930s] Level 1:colcon.colcon_core.package_identification:_identify(src) by extension 'cmake'
[0.930s] Level 1:colcon.colcon_core.package_identification:_identify(src) by extension 'python'
[0.930s] Level 1:colcon.colcon_core.package_identification:_identify(src) by extensions ['python_setup_py']
[0.930s] Level 1:colcon.colcon_core.package_identification:_identify(src) by extension 'python_setup_py'
[0.931s] Level 1:colcon.colcon_core.package_identification:_identify(src/my_robot_bringup) by extensions ['ignore', 'ignore_ament_install']
[0.931s] Level 1:colcon.colcon_core.package_identification:_identify(src/my_robot_bringup) by extension 'ignore'
[0.931s] Level 1:colcon.colcon_core.package_identification:_identify(src/my_robot_bringup) by extension 'ignore_ament_install'
[0.931s] Level 1:colcon.colcon_core.package_identification:_identify(src/my_robot_bringup) by extensions ['colcon_pkg']
[0.931s] Level 1:colcon.colcon_core.package_identification:_identify(src/my_robot_bringup) by extension 'colcon_pkg'
[0.931s] Level 1:colcon.colcon_core.package_identification:_identify(src/my_robot_bringup) by extensions ['colcon_meta']
[0.931s] Level 1:colcon.colcon_core.package_identification:_identify(src/my_robot_bringup) by extension 'colcon_meta'
[0.931s] Level 1:colcon.colcon_core.package_identification:_identify(src/my_robot_bringup) by extensions ['ros']
[0.931s] Level 1:colcon.colcon_core.package_identification:_identify(src/my_robot_bringup) by extension 'ros'
[0.936s] DEBUG:colcon.colcon_core.package_identification:Package 'src/my_robot_bringup' with type 'ros.ament_cmake' and name 'my_robot_bringup'
[0.936s] Level 1:colcon.colcon_core.package_identification:_identify(src/my_robot_description) by extensions ['ignore', 'ignore_ament_install']
[0.936s] Level 1:colcon.colcon_core.package_identification:_identify(src/my_robot_description) by extension 'ignore'
[0.936s] Level 1:colcon.colcon_core.package_identification:_identify(src/my_robot_description) by extension 'ignore_ament_install'
[0.936s] Level 1:colcon.colcon_core.package_identification:_identify(src/my_robot_description) by extensions ['colcon_pkg']
[0.936s] Level 1:colcon.colcon_core.package_identification:_identify(src/my_robot_description) by extension 'colcon_pkg'
[0.936s] Level 1:colcon.colcon_core.package_identification:_identify(src/my_robot_description) by extensions ['colcon_meta']
[0.936s] Level 1:colcon.colcon_core.package_identification:_identify(src/my_robot_description) by extension 'colcon_meta'
[0.936s] Level 1:colcon.colcon_core.package_identification:_identify(src/my_robot_description) by extensions ['ros']
[0.937s] Level 1:colcon.colcon_core.package_identification:_identify(src/my_robot_description) by extension 'ros'
[0.937s] DEBUG:colcon.colcon_core.package_identification:Package 'src/my_robot_description' with type 'ros.ament_cmake' and name 'my_robot_description'
[0.937s] Level 1:colcon.colcon_core.package_discovery:discover_packages(recursive) using defaults
[0.937s] Level 1:colcon.colcon_core.package_discovery:discover_packages(ignore) discover
[0.937s] Level 1:colcon.colcon_core.package_discovery:discover_packages(ignore) using defaults
[0.938s] Level 1:colcon.colcon_core.package_discovery:discover_packages(path) discover
[0.938s] Level 1:colcon.colcon_core.package_discovery:discover_packages(path) using defaults
[1.014s] Level 1:colcon.colcon_core.package_discovery:discover_packages(prefix_path) check parameters
[1.014s] Level 1:colcon.colcon_core.package_discovery:discover_packages(prefix_path) discover
[1.037s] DEBUG:colcon.colcon_installed_package_information.package_discovery:Found 2 installed packages in /home/celestino/ros2_feng_ws/install
[1.051s] DEBUG:colcon.colcon_installed_package_information.package_discovery:Found 345 installed packages in /home/celestino/ros2_humble/install
[1.056s] DEBUG:colcon.colcon_installed_package_information.package_discovery:Found 2 installed packages in /home/celestino/ros2_ws/install
[1.057s] DEBUG:colcon.colcon_installed_package_information.package_discovery:Found 133 installed packages in /opt/ros/humble
[1.067s] Level 1:colcon.colcon_core.package_discovery:discover_packages(prefix_path) using defaults
[1.137s] Level 5:colcon.colcon_core.verb:set package 'my_robot_description' build argument 'cmake_args' from command line to 'None'
[1.138s] Level 5:colcon.colcon_core.verb:set package 'my_robot_description' build argument 'cmake_target' from command line to 'None'
[1.138s] Level 5:colcon.colcon_core.verb:set package 'my_robot_description' build argument 'cmake_target_skip_unavailable' from command line to 'False'
[1.138s] Level 5:colcon.colcon_core.verb:set package 'my_robot_description' build argument 'cmake_clean_cache' from command line to 'False'
[1.138s] Level 5:colcon.colcon_core.verb:set package 'my_robot_description' build argument 'cmake_clean_first' from command line to 'False'
[1.138s] Level 5:colcon.colcon_core.verb:set package 'my_robot_description' build argument 'cmake_force_configure' from command line to 'False'
[1.138s] Level 5:colcon.colcon_core.verb:set package 'my_robot_description' build argument 'ament_cmake_args' from command line to 'None'
[1.138s] Level 5:colcon.colcon_core.verb:set package 'my_robot_description' build argument 'catkin_cmake_args' from command line to 'None'
[1.138s] Level 5:colcon.colcon_core.verb:set package 'my_robot_description' build argument 'catkin_skip_building_tests' from command line to 'False'
[1.138s] DEBUG:colcon.colcon_core.verb:Building package 'my_robot_description' with the following arguments: {'ament_cmake_args': None, 'build_base': '/home/celestino/ros2_feng_ws/build/my_robot_description', 'catkin_cmake_args': None, 'catkin_skip_building_tests': False, 'cmake_args': None, 'cmake_clean_cache': False, 'cmake_clean_first': False, 'cmake_force_configure': False, 'cmake_target': None, 'cmake_target_skip_unavailable': False, 'install_base': '/home/celestino/ros2_feng_ws/install/my_robot_description', 'merge_install': False, 'path': '/home/celestino/ros2_feng_ws/src/my_robot_description', 'symlink_install': False, 'test_result_base': None}
[1.139s] Level 5:colcon.colcon_core.verb:set package 'my_robot_bringup' build argument 'cmake_args' from command line to 'None'
[1.139s] Level 5:colcon.colcon_core.verb:set package 'my_robot_bringup' build argument 'cmake_target' from command line to 'None'
[1.139s] Level 5:colcon.colcon_core.verb:set package 'my_robot_bringup' build argument 'cmake_target_skip_unavailable' from command line to 'False'
[1.139s] Level 5:colcon.colcon_core.verb:set package 'my_robot_bringup' build argument 'cmake_clean_cache' from command line to 'False'
[1.139s] Level 5:colcon.colcon_core.verb:set package 'my_robot_bringup' build argument 'cmake_clean_first' from command line to 'False'
[1.139s] Level 5:colcon.colcon_core.verb:set package 'my_robot_bringup' build argument 'cmake_force_configure' from command line to 'False'
[1.139s] Level 5:colcon.colcon_core.verb:set package 'my_robot_bringup' build argument 'ament_cmake_args' from command line to 'None'
[1.139s] Level 5:colcon.colcon_core.verb:set package 'my_robot_bringup' build argument 'catkin_cmake_args' from command line to 'None'
[1.139s] Level 5:colcon.colcon_core.verb:set package 'my_robot_bringup' build argument 'catkin_skip_building_tests' from command line to 'False'
[1.139s] DEBUG:colcon.colcon_core.verb:Building package 'my_robot_bringup' with the following arguments: {'ament_cmake_args': None, 'build_base': '/home/celestino/ros2_feng_ws/build/my_robot_bringup', 'catkin_cmake_args': None, 'catkin_skip_building_tests': False, 'cmake_args': None, 'cmake_clean_cache': False, 'cmake_clean_first': False, 'cmake_force_configure': False, 'cmake_target': None, 'cmake_target_skip_unavailable': False, 'install_base': '/home/celestino/ros2_feng_ws/install/my_robot_bringup', 'merge_install': False, 'path': '/home/celestino/ros2_feng_ws/src/my_robot_bringup', 'symlink_install': False, 'test_result_base': None}
[1.139s] INFO:colcon.colcon_core.executor:Executing jobs using 'parallel' executor
[1.141s] DEBUG:colcon.colcon_parallel_executor.executor.parallel:run_until_complete
[1.141s] INFO:colcon.colcon_ros.task.ament_cmake.build:Building ROS package in '/home/celestino/ros2_feng_ws/src/my_robot_description' with build type 'ament_cmake'
[1.141s] INFO:colcon.colcon_cmake.task.cmake.build:Building CMake package in '/home/celestino/ros2_feng_ws/src/my_robot_description'
[1.153s] INFO:colcon.colcon_core.plugin_system:Skipping extension 'colcon_core.shell.bat': Not used on non-Windows systems
[1.154s] INFO:colcon.colcon_core.shell:Skip shell extension 'powershell' for command environment: Not usable outside of PowerShell
[1.154s] DEBUG:colcon.colcon_core.shell:Skip shell extension 'dsv' for command environment
[1.216s] DEBUG:colcon.colcon_core.event_handler.log_command:Invoking command in '/home/celestino/ros2_feng_ws/build/my_robot_description': CMAKE_PREFIX_PATH=${CMAKE_PREFIX_PATH}:/opt/ros/humble:/home/celestino/ros2_ws/install/my_py_pkg:/home/celestino/ros2_humble/install/rqt_bag_plugins:/home/celestino/ros2_humble/install/rqt_bag:/home/celestino/ros2_humble/install/ros2bag:/home/celestino/ros2_humble/install/tracetools_test:/home/celestino/ros2_humble/install/tracetools_launch:/home/celestino/ros2_humble/install/topic_monitor:/home/celestino/ros2_humble/install/tf2_tools:/home/celestino/ros2_humble/install/examples_tf2_py:/home/celestino/ros2_humble/install/tf2_ros_py:/home/celestino/ros2_humble/install/sros2:/home/celestino/ros2_humble/install/rqt_topic:/home/celestino/ros2_humble/install/rqt_srv:/home/celestino/ros2_humble/install/rqt_shell:/home/celestino/ros2_humble/install/rqt_service_caller:/home/celestino/ros2_humble/install/rqt_reconfigure:/home/celestino/ros2_humble/install/rqt_py_console:/home/celestino/ros2_humble/install/rqt_publisher:/home/celestino/ros2_humble/install/rqt_plot:/home/celestino/ros2_humble/install/rqt_action:/home/celestino/ros2_humble/install/rqt_msg:/home/celestino/ros2_humble/install/rqt_console:/home/celestino/ros2_humble/install/rqt:/home/celestino/ros2_humble/install/rqt_graph:/home/celestino/ros2_humble/install/rqt_gui_py:/home/celestino/ros2_humble/install/rqt_gui:/home/celestino/ros2_humble/install/ros2trace:/home/celestino/ros2_humble/install/ros2topic:/home/celestino/ros2_humble/install/ros2test:/home/celestino/ros2_humble/install/ros2component:/home/celestino/ros2_humble/install/ros2param:/home/celestino/ros2_humble/install/ros2lifecycle:/home/celestino/ros2_humble/install/ros2service:/home/celestino/ros2_humble/install/ros2run:/home/celestino/ros2_humble/install/ros2launch:/home/celestino/ros2_humble/install/ros2pkg:/home/celestino/ros2_humble/install/ros2node:/home/celestino/ros2_humble/install/ros2multicast:/home/celestino/ros2_humble/install/ros2interface:/home/celestino/ros2_humble/install/ros2doctor:/home/celestino/ros2_humble/install/ros2action:/home/celestino/ros2_humble/install/ros2cli:/home/celestino/ros2_humble/install/quality_of_service_demo_py:/home/celestino/ros2_humble/install/lifecycle_py:/home/celestino/ros2_humble/install/launch_testing_ros:/home/celestino/ros2_humble/install/launch_ros:/home/celestino/ros2_humble/install/examples_rclpy_pointcloud_publisher:/home/celestino/ros2_humble/install/examples_rclpy_minimal_subscriber:/home/celestino/ros2_humble/install/examples_rclpy_minimal_service:/home/celestino/ros2_humble/install/examples_rclpy_minimal_publisher:/home/celestino/ros2_humble/install/examples_rclpy_minimal_client:/home/celestino/ros2_humble/install/examples_rclpy_minimal_action_server:/home/celestino/ros2_humble/install/examples_rclpy_minimal_action_client:/home/celestino/ros2_humble/install/examples_rclpy_guard_conditions:/home/celestino/ros2_humble/install/examples_rclpy_executors:/home/celestino/ros2_humble/install/demo_nodes_py:/home/celestino/ros2_humble/install/action_tutorials_py:/home/celestino/ros2_humble/install/ament_uncrustify:/home/celestino/ros2_humble/install/tracetools_trace:/home/celestino/ros2_humble/install/tracetools_read:/home/celestino/ros2_humble/install/test_tracetools_launch:/home/celestino/ros2_humble/install/test_launch_ros:/home/celestino/ros2_humble/install/sensor_msgs_py:/home/celestino/ros2_humble/install/rpyutils:/home/celestino/ros2_humble/install/rosidl_runtime_py:/home/celestino/ros2_humble/install/rosidl_cli:/home/celestino/ros2_humble/install/launch_pytest:/home/celestino/ros2_humble/install/launch_testing:/home/celestino/ros2_humble/install/launch_yaml:/home/celestino/ros2_humble/install/launch_xml:/home/celestino/ros2_humble/install/launch:/home/celestino/ros2_humble/install/osrf_pycommon:/home/celestino/ros2_humble/install/launch_testing_examples:/home/celestino/ros2_humble/install/domain_coordinator:/home/celestino/ros2_humble/install/ament_xmllint:/home/celestino/ros2_humble/install/ament_pyflakes:/home/celestino/ros2_humble/install/ament_pycodestyle:/home/celestino/ros2_humble/install/ament_pep257:/home/celestino/ros2_humble/install/ament_pclint:/home/celestino/ros2_humble/install/ament_package:/home/celestino/ros2_humble/install/ament_mypy:/home/celestino/ros2_humble/install/ament_lint_cmake:/home/celestino/ros2_humble/install/ament_flake8:/home/celestino/ros2_humble/install/ament_copyright:/home/celestino/ros2_humble/install/ament_lint:/home/celestino/ros2_humble/install/ament_index_python:/home/celestino/ros2_humble/install/ament_cpplint:/home/celestino/ros2_humble/install/ament_cppcheck:/home/celestino/ros2_humble/install/ament_clang_tidy:/home/celestino/ros2_humble/install/ament_clang_format /usr/bin/cmake --build /home/celestino/ros2_feng_ws/build/my_robot_description -- -j4 -l4
[1.369s] DEBUG:colcon.colcon_core.event_handler.log_command:Invoked command in '/home/celestino/ros2_feng_ws/build/my_robot_description' returned '0': CMAKE_PREFIX_PATH=${CMAKE_PREFIX_PATH}:/opt/ros/humble:/home/celestino/ros2_ws/install/my_py_pkg:/home/celestino/ros2_humble/install/rqt_bag_plugins:/home/celestino/ros2_humble/install/rqt_bag:/home/celestino/ros2_humble/install/ros2bag:/home/celestino/ros2_humble/install/tracetools_test:/home/celestino/ros2_humble/install/tracetools_launch:/home/celestino/ros2_humble/install/topic_monitor:/home/celestino/ros2_humble/install/tf2_tools:/home/celestino/ros2_humble/install/examples_tf2_py:/home/celestino/ros2_humble/install/tf2_ros_py:/home/celestino/ros2_humble/install/sros2:/home/celestino/ros2_humble/install/rqt_topic:/home/celestino/ros2_humble/install/rqt_srv:/home/celestino/ros2_humble/install/rqt_shell:/home/celestino/ros2_humble/install/rqt_service_caller:/home/celestino/ros2_humble/install/rqt_reconfigure:/home/celestino/ros2_humble/install/rqt_py_console:/home/celestino/ros2_humble/install/rqt_publisher:/home/celestino/ros2_humble/install/rqt_plot:/home/celestino/ros2_humble/install/rqt_action:/home/celestino/ros2_humble/install/rqt_msg:/home/celestino/ros2_humble/install/rqt_console:/home/celestino/ros2_humble/install/rqt:/home/celestino/ros2_humble/install/rqt_graph:/home/celestino/ros2_humble/install/rqt_gui_py:/home/celestino/ros2_humble/install/rqt_gui:/home/celestino/ros2_humble/install/ros2trace:/home/celestino/ros2_humble/install/ros2topic:/home/celestino/ros2_humble/install/ros2test:/home/celestino/ros2_humble/install/ros2component:/home/celestino/ros2_humble/install/ros2param:/home/celestino/ros2_humble/install/ros2lifecycle:/home/celestino/ros2_humble/install/ros2service:/home/celestino/ros2_humble/install/ros2run:/home/celestino/ros2_humble/install/ros2launch:/home/celestino/ros2_humble/install/ros2pkg:/home/celestino/ros2_humble/install/ros2node:/home/celestino/ros2_humble/install/ros2multicast:/home/celestino/ros2_humble/install/ros2interface:/home/celestino/ros2_humble/install/ros2doctor:/home/celestino/ros2_humble/install/ros2action:/home/celestino/ros2_humble/install/ros2cli:/home/celestino/ros2_humble/install/quality_of_service_demo_py:/home/celestino/ros2_humble/install/lifecycle_py:/home/celestino/ros2_humble/install/launch_testing_ros:/home/celestino/ros2_humble/install/launch_ros:/home/celestino/ros2_humble/install/examples_rclpy_pointcloud_publisher:/home/celestino/ros2_humble/install/examples_rclpy_minimal_subscriber:/home/celestino/ros2_humble/install/examples_rclpy_minimal_service:/home/celestino/ros2_humble/install/examples_rclpy_minimal_publisher:/home/celestino/ros2_humble/install/examples_rclpy_minimal_client:/home/celestino/ros2_humble/install/examples_rclpy_minimal_action_server:/home/celestino/ros2_humble/install/examples_rclpy_minimal_action_client:/home/celestino/ros2_humble/install/examples_rclpy_guard_conditions:/home/celestino/ros2_humble/install/examples_rclpy_executors:/home/celestino/ros2_humble/install/demo_nodes_py:/home/celestino/ros2_humble/install/action_tutorials_py:/home/celestino/ros2_humble/install/ament_uncrustify:/home/celestino/ros2_humble/install/tracetools_trace:/home/celestino/ros2_humble/install/tracetools_read:/home/celestino/ros2_humble/install/test_tracetools_launch:/home/celestino/ros2_humble/install/test_launch_ros:/home/celestino/ros2_humble/install/sensor_msgs_py:/home/celestino/ros2_humble/install/rpyutils:/home/celestino/ros2_humble/install/rosidl_runtime_py:/home/celestino/ros2_humble/install/rosidl_cli:/home/celestino/ros2_humble/install/launch_pytest:/home/celestino/ros2_humble/install/launch_testing:/home/celestino/ros2_humble/install/launch_yaml:/home/celestino/ros2_humble/install/launch_xml:/home/celestino/ros2_humble/install/launch:/home/celestino/ros2_humble/install/osrf_pycommon:/home/celestino/ros2_humble/install/launch_testing_examples:/home/celestino/ros2_humble/install/domain_coordinator:/home/celestino/ros2_humble/install/ament_xmllint:/home/celestino/ros2_humble/install/ament_pyflakes:/home/celestino/ros2_humble/install/ament_pycodestyle:/home/celestino/ros2_humble/install/ament_pep257:/home/celestino/ros2_humble/install/ament_pclint:/home/celestino/ros2_humble/install/ament_package:/home/celestino/ros2_humble/install/ament_mypy:/home/celestino/ros2_humble/install/ament_lint_cmake:/home/celestino/ros2_humble/install/ament_flake8:/home/celestino/ros2_humble/install/ament_copyright:/home/celestino/ros2_humble/install/ament_lint:/home/celestino/ros2_humble/install/ament_index_python:/home/celestino/ros2_humble/install/ament_cpplint:/home/celestino/ros2_humble/install/ament_cppcheck:/home/celestino/ros2_humble/install/ament_clang_tidy:/home/celestino/ros2_humble/install/ament_clang_format /usr/bin/cmake --build /home/celestino/ros2_feng_ws/build/my_robot_description -- -j4 -l4
[1.521s] DEBUG:colcon.colcon_core.event_handler.log_command:Invoking command in '/home/celestino/ros2_feng_ws/build/my_robot_description': CMAKE_PREFIX_PATH=${CMAKE_PREFIX_PATH}:/opt/ros/humble:/home/celestino/ros2_ws/install/my_py_pkg:/home/celestino/ros2_humble/install/rqt_bag_plugins:/home/celestino/ros2_humble/install/rqt_bag:/home/celestino/ros2_humble/install/ros2bag:/home/celestino/ros2_humble/install/tracetools_test:/home/celestino/ros2_humble/install/tracetools_launch:/home/celestino/ros2_humble/install/topic_monitor:/home/celestino/ros2_humble/install/tf2_tools:/home/celestino/ros2_humble/install/examples_tf2_py:/home/celestino/ros2_humble/install/tf2_ros_py:/home/celestino/ros2_humble/install/sros2:/home/celestino/ros2_humble/install/rqt_topic:/home/celestino/ros2_humble/install/rqt_srv:/home/celestino/ros2_humble/install/rqt_shell:/home/celestino/ros2_humble/install/rqt_service_caller:/home/celestino/ros2_humble/install/rqt_reconfigure:/home/celestino/ros2_humble/install/rqt_py_console:/home/celestino/ros2_humble/install/rqt_publisher:/home/celestino/ros2_humble/install/rqt_plot:/home/celestino/ros2_humble/install/rqt_action:/home/celestino/ros2_humble/install/rqt_msg:/home/celestino/ros2_humble/install/rqt_console:/home/celestino/ros2_humble/install/rqt:/home/celestino/ros2_humble/install/rqt_graph:/home/celestino/ros2_humble/install/rqt_gui_py:/home/celestino/ros2_humble/install/rqt_gui:/home/celestino/ros2_humble/install/ros2trace:/home/celestino/ros2_humble/install/ros2topic:/home/celestino/ros2_humble/install/ros2test:/home/celestino/ros2_humble/install/ros2component:/home/celestino/ros2_humble/install/ros2param:/home/celestino/ros2_humble/install/ros2lifecycle:/home/celestino/ros2_humble/install/ros2service:/home/celestino/ros2_humble/install/ros2run:/home/celestino/ros2_humble/install/ros2launch:/home/celestino/ros2_humble/install/ros2pkg:/home/celestino/ros2_humble/install/ros2node:/home/celestino/ros2_humble/install/ros2multicast:/home/celestino/ros2_humble/install/ros2interface:/home/celestino/ros2_humble/install/ros2doctor:/home/celestino/ros2_humble/install/ros2action:/home/celestino/ros2_humble/install/ros2cli:/home/celestino/ros2_humble/install/quality_of_service_demo_py:/home/celestino/ros2_humble/install/lifecycle_py:/home/celestino/ros2_humble/install/launch_testing_ros:/home/celestino/ros2_humble/install/launch_ros:/home/celestino/ros2_humble/install/examples_rclpy_pointcloud_publisher:/home/celestino/ros2_humble/install/examples_rclpy_minimal_subscriber:/home/celestino/ros2_humble/install/examples_rclpy_minimal_service:/home/celestino/ros2_humble/install/examples_rclpy_minimal_publisher:/home/celestino/ros2_humble/install/examples_rclpy_minimal_client:/home/celestino/ros2_humble/install/examples_rclpy_minimal_action_server:/home/celestino/ros2_humble/install/examples_rclpy_minimal_action_client:/home/celestino/ros2_humble/install/examples_rclpy_guard_conditions:/home/celestino/ros2_humble/install/examples_rclpy_executors:/home/celestino/ros2_humble/install/demo_nodes_py:/home/celestino/ros2_humble/install/action_tutorials_py:/home/celestino/ros2_humble/install/ament_uncrustify:/home/celestino/ros2_humble/install/tracetools_trace:/home/celestino/ros2_humble/install/tracetools_read:/home/celestino/ros2_humble/install/test_tracetools_launch:/home/celestino/ros2_humble/install/test_launch_ros:/home/celestino/ros2_humble/install/sensor_msgs_py:/home/celestino/ros2_humble/install/rpyutils:/home/celestino/ros2_humble/install/rosidl_runtime_py:/home/celestino/ros2_humble/install/rosidl_cli:/home/celestino/ros2_humble/install/launch_pytest:/home/celestino/ros2_humble/install/launch_testing:/home/celestino/ros2_humble/install/launch_yaml:/home/celestino/ros2_humble/install/launch_xml:/home/celestino/ros2_humble/install/launch:/home/celestino/ros2_humble/install/osrf_pycommon:/home/celestino/ros2_humble/install/launch_testing_examples:/home/celestino/ros2_humble/install/domain_coordinator:/home/celestino/ros2_humble/install/ament_xmllint:/home/celestino/ros2_humble/install/ament_pyflakes:/home/celestino/ros2_humble/install/ament_pycodestyle:/home/celestino/ros2_humble/install/ament_pep257:/home/celestino/ros2_humble/install/ament_pclint:/home/celestino/ros2_humble/install/ament_package:/home/celestino/ros2_humble/install/ament_mypy:/home/celestino/ros2_humble/install/ament_lint_cmake:/home/celestino/ros2_humble/install/ament_flake8:/home/celestino/ros2_humble/install/ament_copyright:/home/celestino/ros2_humble/install/ament_lint:/home/celestino/ros2_humble/install/ament_index_python:/home/celestino/ros2_humble/install/ament_cpplint:/home/celestino/ros2_humble/install/ament_cppcheck:/home/celestino/ros2_humble/install/ament_clang_tidy:/home/celestino/ros2_humble/install/ament_clang_format /usr/bin/cmake --install /home/celestino/ros2_feng_ws/build/my_robot_description
[1.592s] Level 1:colcon.colcon_core.environment:create_environment_scripts_only(my_robot_description)
[1.593s] DEBUG:colcon.colcon_core.event_handler.log_command:Invoked command in '/home/celestino/ros2_feng_ws/build/my_robot_description' returned '0': CMAKE_PREFIX_PATH=${CMAKE_PREFIX_PATH}:/opt/ros/humble:/home/celestino/ros2_ws/install/my_py_pkg:/home/celestino/ros2_humble/install/rqt_bag_plugins:/home/celestino/ros2_humble/install/rqt_bag:/home/celestino/ros2_humble/install/ros2bag:/home/celestino/ros2_humble/install/tracetools_test:/home/celestino/ros2_humble/install/tracetools_launch:/home/celestino/ros2_humble/install/topic_monitor:/home/celestino/ros2_humble/install/tf2_tools:/home/celestino/ros2_humble/install/examples_tf2_py:/home/celestino/ros2_humble/install/tf2_ros_py:/home/celestino/ros2_humble/install/sros2:/home/celestino/ros2_humble/install/rqt_topic:/home/celestino/ros2_humble/install/rqt_srv:/home/celestino/ros2_humble/install/rqt_shell:/home/celestino/ros2_humble/install/rqt_service_caller:/home/celestino/ros2_humble/install/rqt_reconfigure:/home/celestino/ros2_humble/install/rqt_py_console:/home/celestino/ros2_humble/install/rqt_publisher:/home/celestino/ros2_humble/install/rqt_plot:/home/celestino/ros2_humble/install/rqt_action:/home/celestino/ros2_humble/install/rqt_msg:/home/celestino/ros2_humble/install/rqt_console:/home/celestino/ros2_humble/install/rqt:/home/celestino/ros2_humble/install/rqt_graph:/home/celestino/ros2_humble/install/rqt_gui_py:/home/celestino/ros2_humble/install/rqt_gui:/home/celestino/ros2_humble/install/ros2trace:/home/celestino/ros2_humble/install/ros2topic:/home/celestino/ros2_humble/install/ros2test:/home/celestino/ros2_humble/install/ros2component:/home/celestino/ros2_humble/install/ros2param:/home/celestino/ros2_humble/install/ros2lifecycle:/home/celestino/ros2_humble/install/ros2service:/home/celestino/ros2_humble/install/ros2run:/home/celestino/ros2_humble/install/ros2launch:/home/celestino/ros2_humble/install/ros2pkg:/home/celestino/ros2_humble/install/ros2node:/home/celestino/ros2_humble/install/ros2multicast:/home/celestino/ros2_humble/install/ros2interface:/home/celestino/ros2_humble/install/ros2doctor:/home/celestino/ros2_humble/install/ros2action:/home/celestino/ros2_humble/install/ros2cli:/home/celestino/ros2_humble/install/quality_of_service_demo_py:/home/celestino/ros2_humble/install/lifecycle_py:/home/celestino/ros2_humble/install/launch_testing_ros:/home/celestino/ros2_humble/install/launch_ros:/home/celestino/ros2_humble/install/examples_rclpy_pointcloud_publisher:/home/celestino/ros2_humble/install/examples_rclpy_minimal_subscriber:/home/celestino/ros2_humble/install/examples_rclpy_minimal_service:/home/celestino/ros2_humble/install/examples_rclpy_minimal_publisher:/home/celestino/ros2_humble/install/examples_rclpy_minimal_client:/home/celestino/ros2_humble/install/examples_rclpy_minimal_action_server:/home/celestino/ros2_humble/install/examples_rclpy_minimal_action_client:/home/celestino/ros2_humble/install/examples_rclpy_guard_conditions:/home/celestino/ros2_humble/install/examples_rclpy_executors:/home/celestino/ros2_humble/install/demo_nodes_py:/home/celestino/ros2_humble/install/action_tutorials_py:/home/celestino/ros2_humble/install/ament_uncrustify:/home/celestino/ros2_humble/install/tracetools_trace:/home/celestino/ros2_humble/install/tracetools_read:/home/celestino/ros2_humble/install/test_tracetools_launch:/home/celestino/ros2_humble/install/test_launch_ros:/home/celestino/ros2_humble/install/sensor_msgs_py:/home/celestino/ros2_humble/install/rpyutils:/home/celestino/ros2_humble/install/rosidl_runtime_py:/home/celestino/ros2_humble/install/rosidl_cli:/home/celestino/ros2_humble/install/launch_pytest:/home/celestino/ros2_humble/install/launch_testing:/home/celestino/ros2_humble/install/launch_yaml:/home/celestino/ros2_humble/install/launch_xml:/home/celestino/ros2_humble/install/launch:/home/celestino/ros2_humble/install/osrf_pycommon:/home/celestino/ros2_humble/install/launch_testing_examples:/home/celestino/ros2_humble/install/domain_coordinator:/home/celestino/ros2_humble/install/ament_xmllint:/home/celestino/ros2_humble/install/ament_pyflakes:/home/celestino/ros2_humble/install/ament_pycodestyle:/home/celestino/ros2_humble/install/ament_pep257:/home/celestino/ros2_humble/install/ament_pclint:/home/celestino/ros2_humble/install/ament_package:/home/celestino/ros2_humble/install/ament_mypy:/home/celestino/ros2_humble/install/ament_lint_cmake:/home/celestino/ros2_humble/install/ament_flake8:/home/celestino/ros2_humble/install/ament_copyright:/home/celestino/ros2_humble/install/ament_lint:/home/celestino/ros2_humble/install/ament_index_python:/home/celestino/ros2_humble/install/ament_cpplint:/home/celestino/ros2_humble/install/ament_cppcheck:/home/celestino/ros2_humble/install/ament_clang_tidy:/home/celestino/ros2_humble/install/ament_clang_format /usr/bin/cmake --install /home/celestino/ros2_feng_ws/build/my_robot_description
[1.606s] Level 1:colcon.colcon_core.environment:checking '/home/celestino/ros2_feng_ws/install/my_robot_description' for CMake module files
[1.607s] Level 1:colcon.colcon_core.environment:checking '/home/celestino/ros2_feng_ws/install/my_robot_description' for CMake config files
[1.607s] Level 1:colcon.colcon_core.shell:create_environment_hook('my_robot_description', 'cmake_prefix_path')
[1.608s] INFO:colcon.colcon_core.shell:Creating environment hook '/home/celestino/ros2_feng_ws/install/my_robot_description/share/my_robot_description/hook/cmake_prefix_path.ps1'
[1.609s] INFO:colcon.colcon_core.shell:Creating environment descriptor '/home/celestino/ros2_feng_ws/install/my_robot_description/share/my_robot_description/hook/cmake_prefix_path.dsv'
[1.609s] INFO:colcon.colcon_core.shell:Creating environment hook '/home/celestino/ros2_feng_ws/install/my_robot_description/share/my_robot_description/hook/cmake_prefix_path.sh'
[1.611s] Level 1:colcon.colcon_core.environment:checking '/home/celestino/ros2_feng_ws/install/my_robot_description/bin'
[1.611s] Level 1:colcon.colcon_core.environment:checking '/home/celestino/ros2_feng_ws/install/my_robot_description/lib/pkgconfig/my_robot_description.pc'
[1.611s] Level 1:colcon.colcon_core.environment:checking '/home/celestino/ros2_feng_ws/install/my_robot_description/lib/python3.10/site-packages'
[1.612s] Level 1:colcon.colcon_core.environment:checking '/home/celestino/ros2_feng_ws/install/my_robot_description/bin'
[1.612s] INFO:colcon.colcon_core.shell:Creating package script '/home/celestino/ros2_feng_ws/install/my_robot_description/share/my_robot_description/package.ps1'
[1.613s] INFO:colcon.colcon_core.shell:Creating package descriptor '/home/celestino/ros2_feng_ws/install/my_robot_description/share/my_robot_description/package.dsv'
[1.614s] INFO:colcon.colcon_core.shell:Creating package script '/home/celestino/ros2_feng_ws/install/my_robot_description/share/my_robot_description/package.sh'
[1.616s] INFO:colcon.colcon_core.shell:Creating package script '/home/celestino/ros2_feng_ws/install/my_robot_description/share/my_robot_description/package.bash'
[1.617s] INFO:colcon.colcon_core.shell:Creating package script '/home/celestino/ros2_feng_ws/install/my_robot_description/share/my_robot_description/package.zsh'
[1.618s] Level 1:colcon.colcon_core.environment:create_file_with_runtime_dependencies(/home/celestino/ros2_feng_ws/install/my_robot_description/share/colcon-core/packages/my_robot_description)
[1.736s] Level 1:colcon.colcon_core.environment:create_environment_scripts_only(my_robot_description)
[1.736s] Level 1:colcon.colcon_core.environment:checking '/home/celestino/ros2_feng_ws/install/my_robot_description' for CMake module files
[1.737s] Level 1:colcon.colcon_core.environment:checking '/home/celestino/ros2_feng_ws/install/my_robot_description' for CMake config files
[1.738s] Level 1:colcon.colcon_core.shell:create_environment_hook('my_robot_description', 'cmake_prefix_path')
[1.738s] INFO:colcon.colcon_core.shell:Creating environment hook '/home/celestino/ros2_feng_ws/install/my_robot_description/share/my_robot_description/hook/cmake_prefix_path.ps1'
[1.739s] INFO:colcon.colcon_core.shell:Creating environment descriptor '/home/celestino/ros2_feng_ws/install/my_robot_description/share/my_robot_description/hook/cmake_prefix_path.dsv'
[1.739s] INFO:colcon.colcon_core.shell:Creating environment hook '/home/celestino/ros2_feng_ws/install/my_robot_description/share/my_robot_description/hook/cmake_prefix_path.sh'
[1.740s] Level 1:colcon.colcon_core.environment:checking '/home/celestino/ros2_feng_ws/install/my_robot_description/bin'
[1.740s] Level 1:colcon.colcon_core.environment:checking '/home/celestino/ros2_feng_ws/install/my_robot_description/lib/pkgconfig/my_robot_description.pc'
[1.741s] Level 1:colcon.colcon_core.environment:checking '/home/celestino/ros2_feng_ws/install/my_robot_description/lib/python3.10/site-packages'
[1.741s] Level 1:colcon.colcon_core.environment:checking '/home/celestino/ros2_feng_ws/install/my_robot_description/bin'
[1.741s] INFO:colcon.colcon_core.shell:Creating package script '/home/celestino/ros2_feng_ws/install/my_robot_description/share/my_robot_description/package.ps1'
[1.743s] INFO:colcon.colcon_core.shell:Creating package descriptor '/home/celestino/ros2_feng_ws/install/my_robot_description/share/my_robot_description/package.dsv'
[1.744s] INFO:colcon.colcon_core.shell:Creating package script '/home/celestino/ros2_feng_ws/install/my_robot_description/share/my_robot_description/package.sh'
[1.744s] INFO:colcon.colcon_core.shell:Creating package script '/home/celestino/ros2_feng_ws/install/my_robot_description/share/my_robot_description/package.bash'
[1.745s] INFO:colcon.colcon_core.shell:Creating package script '/home/celestino/ros2_feng_ws/install/my_robot_description/share/my_robot_description/package.zsh'
[1.746s] Level 1:colcon.colcon_core.environment:create_file_with_runtime_dependencies(/home/celestino/ros2_feng_ws/install/my_robot_description/share/colcon-core/packages/my_robot_description)
[1.746s] INFO:colcon.colcon_ros.task.ament_cmake.build:Building ROS package in '/home/celestino/ros2_feng_ws/src/my_robot_bringup' with build type 'ament_cmake'
[1.746s] INFO:colcon.colcon_cmake.task.cmake.build:Building CMake package in '/home/celestino/ros2_feng_ws/src/my_robot_bringup'
[1.747s] INFO:colcon.colcon_core.shell:Skip shell extension 'powershell' for command environment: Not usable outside of PowerShell
[1.747s] DEBUG:colcon.colcon_core.shell:Skip shell extension 'dsv' for command environment
[1.817s] DEBUG:colcon.colcon_core.event_handler.log_command:Invoking command in '/home/celestino/ros2_feng_ws/build/my_robot_bringup': CMAKE_PREFIX_PATH=${CMAKE_PREFIX_PATH}:/opt/ros/humble:/home/celestino/ros2_ws/install/my_py_pkg:/home/celestino/ros2_humble/install/rqt_bag_plugins:/home/celestino/ros2_humble/install/rqt_bag:/home/celestino/ros2_humble/install/ros2bag:/home/celestino/ros2_humble/install/tracetools_test:/home/celestino/ros2_humble/install/tracetools_launch:/home/celestino/ros2_humble/install/topic_monitor:/home/celestino/ros2_humble/install/tf2_tools:/home/celestino/ros2_humble/install/examples_tf2_py:/home/celestino/ros2_humble/install/tf2_ros_py:/home/celestino/ros2_humble/install/sros2:/home/celestino/ros2_humble/install/rqt_topic:/home/celestino/ros2_humble/install/rqt_srv:/home/celestino/ros2_humble/install/rqt_shell:/home/celestino/ros2_humble/install/rqt_service_caller:/home/celestino/ros2_humble/install/rqt_reconfigure:/home/celestino/ros2_humble/install/rqt_py_console:/home/celestino/ros2_humble/install/rqt_publisher:/home/celestino/ros2_humble/install/rqt_plot:/home/celestino/ros2_humble/install/rqt_action:/home/celestino/ros2_humble/install/rqt_msg:/home/celestino/ros2_humble/install/rqt_console:/home/celestino/ros2_humble/install/rqt:/home/celestino/ros2_humble/install/rqt_graph:/home/celestino/ros2_humble/install/rqt_gui_py:/home/celestino/ros2_humble/install/rqt_gui:/home/celestino/ros2_humble/install/ros2trace:/home/celestino/ros2_humble/install/ros2topic:/home/celestino/ros2_humble/install/ros2test:/home/celestino/ros2_humble/install/ros2component:/home/celestino/ros2_humble/install/ros2param:/home/celestino/ros2_humble/install/ros2lifecycle:/home/celestino/ros2_humble/install/ros2service:/home/celestino/ros2_humble/install/ros2run:/home/celestino/ros2_humble/install/ros2launch:/home/celestino/ros2_humble/install/ros2pkg:/home/celestino/ros2_humble/install/ros2node:/home/celestino/ros2_humble/install/ros2multicast:/home/celestino/ros2_humble/install/ros2interface:/home/celestino/ros2_humble/install/ros2doctor:/home/celestino/ros2_humble/install/ros2action:/home/celestino/ros2_humble/install/ros2cli:/home/celestino/ros2_humble/install/quality_of_service_demo_py:/home/celestino/ros2_humble/install/lifecycle_py:/home/celestino/ros2_humble/install/launch_testing_ros:/home/celestino/ros2_humble/install/launch_ros:/home/celestino/ros2_humble/install/examples_rclpy_pointcloud_publisher:/home/celestino/ros2_humble/install/examples_rclpy_minimal_subscriber:/home/celestino/ros2_humble/install/examples_rclpy_minimal_service:/home/celestino/ros2_humble/install/examples_rclpy_minimal_publisher:/home/celestino/ros2_humble/install/examples_rclpy_minimal_client:/home/celestino/ros2_humble/install/examples_rclpy_minimal_action_server:/home/celestino/ros2_humble/install/examples_rclpy_minimal_action_client:/home/celestino/ros2_humble/install/examples_rclpy_guard_conditions:/home/celestino/ros2_humble/install/examples_rclpy_executors:/home/celestino/ros2_humble/install/demo_nodes_py:/home/celestino/ros2_humble/install/action_tutorials_py:/home/celestino/ros2_humble/install/ament_uncrustify:/home/celestino/ros2_humble/install/tracetools_trace:/home/celestino/ros2_humble/install/tracetools_read:/home/celestino/ros2_humble/install/test_tracetools_launch:/home/celestino/ros2_humble/install/test_launch_ros:/home/celestino/ros2_humble/install/sensor_msgs_py:/home/celestino/ros2_humble/install/rpyutils:/home/celestino/ros2_humble/install/rosidl_runtime_py:/home/celestino/ros2_humble/install/rosidl_cli:/home/celestino/ros2_humble/install/launch_pytest:/home/celestino/ros2_humble/install/launch_testing:/home/celestino/ros2_humble/install/launch_yaml:/home/celestino/ros2_humble/install/launch_xml:/home/celestino/ros2_humble/install/launch:/home/celestino/ros2_humble/install/osrf_pycommon:/home/celestino/ros2_humble/install/launch_testing_examples:/home/celestino/ros2_humble/install/domain_coordinator:/home/celestino/ros2_humble/install/ament_xmllint:/home/celestino/ros2_humble/install/ament_pyflakes:/home/celestino/ros2_humble/install/ament_pycodestyle:/home/celestino/ros2_humble/install/ament_pep257:/home/celestino/ros2_humble/install/ament_pclint:/home/celestino/ros2_humble/install/ament_package:/home/celestino/ros2_humble/install/ament_mypy:/home/celestino/ros2_humble/install/ament_lint_cmake:/home/celestino/ros2_humble/install/ament_flake8:/home/celestino/ros2_humble/install/ament_copyright:/home/celestino/ros2_humble/install/ament_lint:/home/celestino/ros2_humble/install/ament_index_python:/home/celestino/ros2_humble/install/ament_cpplint:/home/celestino/ros2_humble/install/ament_cppcheck:/home/celestino/ros2_humble/install/ament_clang_tidy:/home/celestino/ros2_humble/install/ament_clang_format /usr/bin/cmake --build /home/celestino/ros2_feng_ws/build/my_robot_bringup -- -j4 -l4
[1.953s] DEBUG:colcon.colcon_core.event_handler.log_command:Invoked command in '/home/celestino/ros2_feng_ws/build/my_robot_bringup' returned '0': CMAKE_PREFIX_PATH=${CMAKE_PREFIX_PATH}:/opt/ros/humble:/home/celestino/ros2_ws/install/my_py_pkg:/home/celestino/ros2_humble/install/rqt_bag_plugins:/home/celestino/ros2_humble/install/rqt_bag:/home/celestino/ros2_humble/install/ros2bag:/home/celestino/ros2_humble/install/tracetools_test:/home/celestino/ros2_humble/install/tracetools_launch:/home/celestino/ros2_humble/install/topic_monitor:/home/celestino/ros2_humble/install/tf2_tools:/home/celestino/ros2_humble/install/examples_tf2_py:/home/celestino/ros2_humble/install/tf2_ros_py:/home/celestino/ros2_humble/install/sros2:/home/celestino/ros2_humble/install/rqt_topic:/home/celestino/ros2_humble/install/rqt_srv:/home/celestino/ros2_humble/install/rqt_shell:/home/celestino/ros2_humble/install/rqt_service_caller:/home/celestino/ros2_humble/install/rqt_reconfigure:/home/celestino/ros2_humble/install/rqt_py_console:/home/celestino/ros2_humble/install/rqt_publisher:/home/celestino/ros2_humble/install/rqt_plot:/home/celestino/ros2_humble/install/rqt_action:/home/celestino/ros2_humble/install/rqt_msg:/home/celestino/ros2_humble/install/rqt_console:/home/celestino/ros2_humble/install/rqt:/home/celestino/ros2_humble/install/rqt_graph:/home/celestino/ros2_humble/install/rqt_gui_py:/home/celestino/ros2_humble/install/rqt_gui:/home/celestino/ros2_humble/install/ros2trace:/home/celestino/ros2_humble/install/ros2topic:/home/celestino/ros2_humble/install/ros2test:/home/celestino/ros2_humble/install/ros2component:/home/celestino/ros2_humble/install/ros2param:/home/celestino/ros2_humble/install/ros2lifecycle:/home/celestino/ros2_humble/install/ros2service:/home/celestino/ros2_humble/install/ros2run:/home/celestino/ros2_humble/install/ros2launch:/home/celestino/ros2_humble/install/ros2pkg:/home/celestino/ros2_humble/install/ros2node:/home/celestino/ros2_humble/install/ros2multicast:/home/celestino/ros2_humble/install/ros2interface:/home/celestino/ros2_humble/install/ros2doctor:/home/celestino/ros2_humble/install/ros2action:/home/celestino/ros2_humble/install/ros2cli:/home/celestino/ros2_humble/install/quality_of_service_demo_py:/home/celestino/ros2_humble/install/lifecycle_py:/home/celestino/ros2_humble/install/launch_testing_ros:/home/celestino/ros2_humble/install/launch_ros:/home/celestino/ros2_humble/install/examples_rclpy_pointcloud_publisher:/home/celestino/ros2_humble/install/examples_rclpy_minimal_subscriber:/home/celestino/ros2_humble/install/examples_rclpy_minimal_service:/home/celestino/ros2_humble/install/examples_rclpy_minimal_publisher:/home/celestino/ros2_humble/install/examples_rclpy_minimal_client:/home/celestino/ros2_humble/install/examples_rclpy_minimal_action_server:/home/celestino/ros2_humble/install/examples_rclpy_minimal_action_client:/home/celestino/ros2_humble/install/examples_rclpy_guard_conditions:/home/celestino/ros2_humble/install/examples_rclpy_executors:/home/celestino/ros2_humble/install/demo_nodes_py:/home/celestino/ros2_humble/install/action_tutorials_py:/home/celestino/ros2_humble/install/ament_uncrustify:/home/celestino/ros2_humble/install/tracetools_trace:/home/celestino/ros2_humble/install/tracetools_read:/home/celestino/ros2_humble/install/test_tracetools_launch:/home/celestino/ros2_humble/install/test_launch_ros:/home/celestino/ros2_humble/install/sensor_msgs_py:/home/celestino/ros2_humble/install/rpyutils:/home/celestino/ros2_humble/install/rosidl_runtime_py:/home/celestino/ros2_humble/install/rosidl_cli:/home/celestino/ros2_humble/install/launch_pytest:/home/celestino/ros2_humble/install/launch_testing:/home/celestino/ros2_humble/install/launch_yaml:/home/celestino/ros2_humble/install/launch_xml:/home/celestino/ros2_humble/install/launch:/home/celestino/ros2_humble/install/osrf_pycommon:/home/celestino/ros2_humble/install/launch_testing_examples:/home/celestino/ros2_humble/install/domain_coordinator:/home/celestino/ros2_humble/install/ament_xmllint:/home/celestino/ros2_humble/install/ament_pyflakes:/home/celestino/ros2_humble/install/ament_pycodestyle:/home/celestino/ros2_humble/install/ament_pep257:/home/celestino/ros2_humble/install/ament_pclint:/home/celestino/ros2_humble/install/ament_package:/home/celestino/ros2_humble/install/ament_mypy:/home/celestino/ros2_humble/install/ament_lint_cmake:/home/celestino/ros2_humble/install/ament_flake8:/home/celestino/ros2_humble/install/ament_copyright:/home/celestino/ros2_humble/install/ament_lint:/home/celestino/ros2_humble/install/ament_index_python:/home/celestino/ros2_humble/install/ament_cpplint:/home/celestino/ros2_humble/install/ament_cppcheck:/home/celestino/ros2_humble/install/ament_clang_tidy:/home/celestino/ros2_humble/install/ament_clang_format /usr/bin/cmake --build /home/celestino/ros2_feng_ws/build/my_robot_bringup -- -j4 -l4
[2.076s] DEBUG:colcon.colcon_core.event_handler.log_command:Invoking command in '/home/celestino/ros2_feng_ws/build/my_robot_bringup': CMAKE_PREFIX_PATH=${CMAKE_PREFIX_PATH}:/opt/ros/humble:/home/celestino/ros2_ws/install/my_py_pkg:/home/celestino/ros2_humble/install/rqt_bag_plugins:/home/celestino/ros2_humble/install/rqt_bag:/home/celestino/ros2_humble/install/ros2bag:/home/celestino/ros2_humble/install/tracetools_test:/home/celestino/ros2_humble/install/tracetools_launch:/home/celestino/ros2_humble/install/topic_monitor:/home/celestino/ros2_humble/install/tf2_tools:/home/celestino/ros2_humble/install/examples_tf2_py:/home/celestino/ros2_humble/install/tf2_ros_py:/home/celestino/ros2_humble/install/sros2:/home/celestino/ros2_humble/install/rqt_topic:/home/celestino/ros2_humble/install/rqt_srv:/home/celestino/ros2_humble/install/rqt_shell:/home/celestino/ros2_humble/install/rqt_service_caller:/home/celestino/ros2_humble/install/rqt_reconfigure:/home/celestino/ros2_humble/install/rqt_py_console:/home/celestino/ros2_humble/install/rqt_publisher:/home/celestino/ros2_humble/install/rqt_plot:/home/celestino/ros2_humble/install/rqt_action:/home/celestino/ros2_humble/install/rqt_msg:/home/celestino/ros2_humble/install/rqt_console:/home/celestino/ros2_humble/install/rqt:/home/celestino/ros2_humble/install/rqt_graph:/home/celestino/ros2_humble/install/rqt_gui_py:/home/celestino/ros2_humble/install/rqt_gui:/home/celestino/ros2_humble/install/ros2trace:/home/celestino/ros2_humble/install/ros2topic:/home/celestino/ros2_humble/install/ros2test:/home/celestino/ros2_humble/install/ros2component:/home/celestino/ros2_humble/install/ros2param:/home/celestino/ros2_humble/install/ros2lifecycle:/home/celestino/ros2_humble/install/ros2service:/home/celestino/ros2_humble/install/ros2run:/home/celestino/ros2_humble/install/ros2launch:/home/celestino/ros2_humble/install/ros2pkg:/home/celestino/ros2_humble/install/ros2node:/home/celestino/ros2_humble/install/ros2multicast:/home/celestino/ros2_humble/install/ros2interface:/home/celestino/ros2_humble/install/ros2doctor:/home/celestino/ros2_humble/install/ros2action:/home/celestino/ros2_humble/install/ros2cli:/home/celestino/ros2_humble/install/quality_of_service_demo_py:/home/celestino/ros2_humble/install/lifecycle_py:/home/celestino/ros2_humble/install/launch_testing_ros:/home/celestino/ros2_humble/install/launch_ros:/home/celestino/ros2_humble/install/examples_rclpy_pointcloud_publisher:/home/celestino/ros2_humble/install/examples_rclpy_minimal_subscriber:/home/celestino/ros2_humble/install/examples_rclpy_minimal_service:/home/celestino/ros2_humble/install/examples_rclpy_minimal_publisher:/home/celestino/ros2_humble/install/examples_rclpy_minimal_client:/home/celestino/ros2_humble/install/examples_rclpy_minimal_action_server:/home/celestino/ros2_humble/install/examples_rclpy_minimal_action_client:/home/celestino/ros2_humble/install/examples_rclpy_guard_conditions:/home/celestino/ros2_humble/install/examples_rclpy_executors:/home/celestino/ros2_humble/install/demo_nodes_py:/home/celestino/ros2_humble/install/action_tutorials_py:/home/celestino/ros2_humble/install/ament_uncrustify:/home/celestino/ros2_humble/install/tracetools_trace:/home/celestino/ros2_humble/install/tracetools_read:/home/celestino/ros2_humble/install/test_tracetools_launch:/home/celestino/ros2_humble/install/test_launch_ros:/home/celestino/ros2_humble/install/sensor_msgs_py:/home/celestino/ros2_humble/install/rpyutils:/home/celestino/ros2_humble/install/rosidl_runtime_py:/home/celestino/ros2_humble/install/rosidl_cli:/home/celestino/ros2_humble/install/launch_pytest:/home/celestino/ros2_humble/install/launch_testing:/home/celestino/ros2_humble/install/launch_yaml:/home/celestino/ros2_humble/install/launch_xml:/home/celestino/ros2_humble/install/launch:/home/celestino/ros2_humble/install/osrf_pycommon:/home/celestino/ros2_humble/install/launch_testing_examples:/home/celestino/ros2_humble/install/domain_coordinator:/home/celestino/ros2_humble/install/ament_xmllint:/home/celestino/ros2_humble/install/ament_pyflakes:/home/celestino/ros2_humble/install/ament_pycodestyle:/home/celestino/ros2_humble/install/ament_pep257:/home/celestino/ros2_humble/install/ament_pclint:/home/celestino/ros2_humble/install/ament_package:/home/celestino/ros2_humble/install/ament_mypy:/home/celestino/ros2_humble/install/ament_lint_cmake:/home/celestino/ros2_humble/install/ament_flake8:/home/celestino/ros2_humble/install/ament_copyright:/home/celestino/ros2_humble/install/ament_lint:/home/celestino/ros2_humble/install/ament_index_python:/home/celestino/ros2_humble/install/ament_cpplint:/home/celestino/ros2_humble/install/ament_cppcheck:/home/celestino/ros2_humble/install/ament_clang_tidy:/home/celestino/ros2_humble/install/ament_clang_format /usr/bin/cmake --install /home/celestino/ros2_feng_ws/build/my_robot_bringup
[2.108s] Level 1:colcon.colcon_core.environment:create_environment_scripts_only(my_robot_bringup)
[2.108s] Level 1:colcon.colcon_core.environment:checking '/home/celestino/ros2_feng_ws/install/my_robot_bringup' for CMake module files
[2.109s] DEBUG:colcon.colcon_core.event_handler.log_command:Invoked command in '/home/celestino/ros2_feng_ws/build/my_robot_bringup' returned '0': CMAKE_PREFIX_PATH=${CMAKE_PREFIX_PATH}:/opt/ros/humble:/home/celestino/ros2_ws/install/my_py_pkg:/home/celestino/ros2_humble/install/rqt_bag_plugins:/home/celestino/ros2_humble/install/rqt_bag:/home/celestino/ros2_humble/install/ros2bag:/home/celestino/ros2_humble/install/tracetools_test:/home/celestino/ros2_humble/install/tracetools_launch:/home/celestino/ros2_humble/install/topic_monitor:/home/celestino/ros2_humble/install/tf2_tools:/home/celestino/ros2_humble/install/examples_tf2_py:/home/celestino/ros2_humble/install/tf2_ros_py:/home/celestino/ros2_humble/install/sros2:/home/celestino/ros2_humble/install/rqt_topic:/home/celestino/ros2_humble/install/rqt_srv:/home/celestino/ros2_humble/install/rqt_shell:/home/celestino/ros2_humble/install/rqt_service_caller:/home/celestino/ros2_humble/install/rqt_reconfigure:/home/celestino/ros2_humble/install/rqt_py_console:/home/celestino/ros2_humble/install/rqt_publisher:/home/celestino/ros2_humble/install/rqt_plot:/home/celestino/ros2_humble/install/rqt_action:/home/celestino/ros2_humble/install/rqt_msg:/home/celestino/ros2_humble/install/rqt_console:/home/celestino/ros2_humble/install/rqt:/home/celestino/ros2_humble/install/rqt_graph:/home/celestino/ros2_humble/install/rqt_gui_py:/home/celestino/ros2_humble/install/rqt_gui:/home/celestino/ros2_humble/install/ros2trace:/home/celestino/ros2_humble/install/ros2topic:/home/celestino/ros2_humble/install/ros2test:/home/celestino/ros2_humble/install/ros2component:/home/celestino/ros2_humble/install/ros2param:/home/celestino/ros2_humble/install/ros2lifecycle:/home/celestino/ros2_humble/install/ros2service:/home/celestino/ros2_humble/install/ros2run:/home/celestino/ros2_humble/install/ros2launch:/home/celestino/ros2_humble/install/ros2pkg:/home/celestino/ros2_humble/install/ros2node:/home/celestino/ros2_humble/install/ros2multicast:/home/celestino/ros2_humble/install/ros2interface:/home/celestino/ros2_humble/install/ros2doctor:/home/celestino/ros2_humble/install/ros2action:/home/celestino/ros2_humble/install/ros2cli:/home/celestino/ros2_humble/install/quality_of_service_demo_py:/home/celestino/ros2_humble/install/lifecycle_py:/home/celestino/ros2_humble/install/launch_testing_ros:/home/celestino/ros2_humble/install/launch_ros:/home/celestino/ros2_humble/install/examples_rclpy_pointcloud_publisher:/home/celestino/ros2_humble/install/examples_rclpy_minimal_subscriber:/home/celestino/ros2_humble/install/examples_rclpy_minimal_service:/home/celestino/ros2_humble/install/examples_rclpy_minimal_publisher:/home/celestino/ros2_humble/install/examples_rclpy_minimal_client:/home/celestino/ros2_humble/install/examples_rclpy_minimal_action_server:/home/celestino/ros2_humble/install/examples_rclpy_minimal_action_client:/home/celestino/ros2_humble/install/examples_rclpy_guard_conditions:/home/celestino/ros2_humble/install/examples_rclpy_executors:/home/celestino/ros2_humble/install/demo_nodes_py:/home/celestino/ros2_humble/install/action_tutorials_py:/home/celestino/ros2_humble/install/ament_uncrustify:/home/celestino/ros2_humble/install/tracetools_trace:/home/celestino/ros2_humble/install/tracetools_read:/home/celestino/ros2_humble/install/test_tracetools_launch:/home/celestino/ros2_humble/install/test_launch_ros:/home/celestino/ros2_humble/install/sensor_msgs_py:/home/celestino/ros2_humble/install/rpyutils:/home/celestino/ros2_humble/install/rosidl_runtime_py:/home/celestino/ros2_humble/install/rosidl_cli:/home/celestino/ros2_humble/install/launch_pytest:/home/celestino/ros2_humble/install/launch_testing:/home/celestino/ros2_humble/install/launch_yaml:/home/celestino/ros2_humble/install/launch_xml:/home/celestino/ros2_humble/install/launch:/home/celestino/ros2_humble/install/osrf_pycommon:/home/celestino/ros2_humble/install/launch_testing_examples:/home/celestino/ros2_humble/install/domain_coordinator:/home/celestino/ros2_humble/install/ament_xmllint:/home/celestino/ros2_humble/install/ament_pyflakes:/home/celestino/ros2_humble/install/ament_pycodestyle:/home/celestino/ros2_humble/install/ament_pep257:/home/celestino/ros2_humble/install/ament_pclint:/home/celestino/ros2_humble/install/ament_package:/home/celestino/ros2_humble/install/ament_mypy:/home/celestino/ros2_humble/install/ament_lint_cmake:/home/celestino/ros2_humble/install/ament_flake8:/home/celestino/ros2_humble/install/ament_copyright:/home/celestino/ros2_humble/install/ament_lint:/home/celestino/ros2_humble/install/ament_index_python:/home/celestino/ros2_humble/install/ament_cpplint:/home/celestino/ros2_humble/install/ament_cppcheck:/home/celestino/ros2_humble/install/ament_clang_tidy:/home/celestino/ros2_humble/install/ament_clang_format /usr/bin/cmake --install /home/celestino/ros2_feng_ws/build/my_robot_bringup
[2.110s] Level 1:colcon.colcon_core.environment:checking '/home/celestino/ros2_feng_ws/install/my_robot_bringup' for CMake config files
[2.110s] Level 1:colcon.colcon_core.shell:create_environment_hook('my_robot_bringup', 'cmake_prefix_path')
[2.111s] INFO:colcon.colcon_core.shell:Creating environment hook '/home/celestino/ros2_feng_ws/install/my_robot_bringup/share/my_robot_bringup/hook/cmake_prefix_path.ps1'
[2.112s] INFO:colcon.colcon_core.shell:Creating environment descriptor '/home/celestino/ros2_feng_ws/install/my_robot_bringup/share/my_robot_bringup/hook/cmake_prefix_path.dsv'
[2.112s] INFO:colcon.colcon_core.shell:Creating environment hook '/home/celestino/ros2_feng_ws/install/my_robot_bringup/share/my_robot_bringup/hook/cmake_prefix_path.sh'
[2.113s] Level 1:colcon.colcon_core.environment:checking '/home/celestino/ros2_feng_ws/install/my_robot_bringup/bin'
[2.113s] Level 1:colcon.colcon_core.environment:checking '/home/celestino/ros2_feng_ws/install/my_robot_bringup/lib/pkgconfig/my_robot_bringup.pc'
[2.114s] Level 1:colcon.colcon_core.environment:checking '/home/celestino/ros2_feng_ws/install/my_robot_bringup/lib/python3.10/site-packages'
[2.114s] Level 1:colcon.colcon_core.environment:checking '/home/celestino/ros2_feng_ws/install/my_robot_bringup/bin'
[2.115s] INFO:colcon.colcon_core.shell:Creating package script '/home/celestino/ros2_feng_ws/install/my_robot_bringup/share/my_robot_bringup/package.ps1'
[2.115s] INFO:colcon.colcon_core.shell:Creating package descriptor '/home/celestino/ros2_feng_ws/install/my_robot_bringup/share/my_robot_bringup/package.dsv'
[2.116s] INFO:colcon.colcon_core.shell:Creating package script '/home/celestino/ros2_feng_ws/install/my_robot_bringup/share/my_robot_bringup/package.sh'
[2.117s] INFO:colcon.colcon_core.shell:Creating package script '/home/celestino/ros2_feng_ws/install/my_robot_bringup/share/my_robot_bringup/package.bash'
[2.117s] INFO:colcon.colcon_core.shell:Creating package script '/home/celestino/ros2_feng_ws/install/my_robot_bringup/share/my_robot_bringup/package.zsh'
[2.118s] Level 1:colcon.colcon_core.environment:create_file_with_runtime_dependencies(/home/celestino/ros2_feng_ws/install/my_robot_bringup/share/colcon-core/packages/my_robot_bringup)
[2.236s] Level 1:colcon.colcon_core.environment:create_environment_scripts_only(my_robot_bringup)
[2.236s] Level 1:colcon.colcon_core.environment:checking '/home/celestino/ros2_feng_ws/install/my_robot_bringup' for CMake module files
[2.237s] Level 1:colcon.colcon_core.environment:checking '/home/celestino/ros2_feng_ws/install/my_robot_bringup' for CMake config files
[2.237s] Level 1:colcon.colcon_core.shell:create_environment_hook('my_robot_bringup', 'cmake_prefix_path')
[2.238s] INFO:colcon.colcon_core.shell:Creating environment hook '/home/celestino/ros2_feng_ws/install/my_robot_bringup/share/my_robot_bringup/hook/cmake_prefix_path.ps1'
[2.238s] INFO:colcon.colcon_core.shell:Creating environment descriptor '/home/celestino/ros2_feng_ws/install/my_robot_bringup/share/my_robot_bringup/hook/cmake_prefix_path.dsv'
[2.239s] INFO:colcon.colcon_core.shell:Creating environment hook '/home/celestino/ros2_feng_ws/install/my_robot_bringup/share/my_robot_bringup/hook/cmake_prefix_path.sh'
[2.240s] Level 1:colcon.colcon_core.environment:checking '/home/celestino/ros2_feng_ws/install/my_robot_bringup/bin'
[2.240s] Level 1:colcon.colcon_core.environment:checking '/home/celestino/ros2_feng_ws/install/my_robot_bringup/lib/pkgconfig/my_robot_bringup.pc'
[2.240s] Level 1:colcon.colcon_core.environment:checking '/home/celestino/ros2_feng_ws/install/my_robot_bringup/lib/python3.10/site-packages'
[2.241s] Level 1:colcon.colcon_core.environment:checking '/home/celestino/ros2_feng_ws/install/my_robot_bringup/bin'
[2.241s] INFO:colcon.colcon_core.shell:Creating package script '/home/celestino/ros2_feng_ws/install/my_robot_bringup/share/my_robot_bringup/package.ps1'
[2.242s] INFO:colcon.colcon_core.shell:Creating package descriptor '/home/celestino/ros2_feng_ws/install/my_robot_bringup/share/my_robot_bringup/package.dsv'
[2.243s] INFO:colcon.colcon_core.shell:Creating package script '/home/celestino/ros2_feng_ws/install/my_robot_bringup/share/my_robot_bringup/package.sh'
[2.244s] INFO:colcon.colcon_core.shell:Creating package script '/home/celestino/ros2_feng_ws/install/my_robot_bringup/share/my_robot_bringup/package.bash'
[2.245s] INFO:colcon.colcon_core.shell:Creating package script '/home/celestino/ros2_feng_ws/install/my_robot_bringup/share/my_robot_bringup/package.zsh'
[2.245s] Level 1:colcon.colcon_core.environment:create_file_with_runtime_dependencies(/home/celestino/ros2_feng_ws/install/my_robot_bringup/share/colcon-core/packages/my_robot_bringup)
[2.246s] DEBUG:colcon.colcon_parallel_executor.executor.parallel:closing loop
[2.246s] DEBUG:colcon.colcon_parallel_executor.executor.parallel:loop closed
[2.247s] DEBUG:colcon.colcon_parallel_executor.executor.parallel:run_until_complete finished with '0'
[2.247s] DEBUG:colcon.colcon_core.event_reactor:joining thread
[2.273s] INFO:colcon.colcon_core.plugin_system:Skipping extension 'colcon_notification.desktop_notification.terminal_notifier': Not used on non-Darwin systems
[2.273s] INFO:colcon.colcon_core.plugin_system:Skipping extension 'colcon_notification.desktop_notification.win32': Not used on non-Windows systems
[2.273s] INFO:colcon.colcon_notification.desktop_notification:Sending desktop notification using 'notify2'
[2.291s] DEBUG:colcon.colcon_core.event_reactor:joined thread
[2.291s] INFO:colcon.colcon_core.shell:Creating prefix script '/home/celestino/ros2_feng_ws/install/local_setup.ps1'
[2.293s] INFO:colcon.colcon_core.shell:Creating prefix util module '/home/celestino/ros2_feng_ws/install/_local_setup_util_ps1.py'
[2.297s] INFO:colcon.colcon_core.shell:Creating prefix chain script '/home/celestino/ros2_feng_ws/install/setup.ps1'
[2.322s] INFO:colcon.colcon_core.shell:Creating prefix script '/home/celestino/ros2_feng_ws/install/local_setup.sh'
[2.323s] INFO:colcon.colcon_core.shell:Creating prefix util module '/home/celestino/ros2_feng_ws/install/_local_setup_util_sh.py'
[2.324s] INFO:colcon.colcon_core.shell:Creating prefix chain script '/home/celestino/ros2_feng_ws/install/setup.sh'
[2.350s] INFO:colcon.colcon_core.shell:Creating prefix script '/home/celestino/ros2_feng_ws/install/local_setup.bash'
[2.351s] INFO:colcon.colcon_core.shell:Creating prefix chain script '/home/celestino/ros2_feng_ws/install/setup.bash'
[2.375s] INFO:colcon.colcon_core.shell:Creating prefix script '/home/celestino/ros2_feng_ws/install/local_setup.zsh'
[2.376s] INFO:colcon.colcon_core.shell:Creating prefix chain script '/home/celestino/ros2_feng_ws/install/setup.zsh'
