[0.437s] DEBUG:colcon:Command line arguments: ['/usr/bin/colcon', 'build']
[0.437s] DEBUG:colcon:Parsed command line arguments: Namespace(log_base=None, log_level=None, verb_name='build', build_base='build', install_base='install', merge_install=False, symlink_install=False, test_result_base=None, continue_on_error=False, executor='parallel', parallel_workers=4, event_handlers=None, ignore_user_meta=False, metas=['./colcon.meta'], base_paths=['.'], packages_ignore=None, packages_ignore_regex=None, paths=None, packages_up_to=None, packages_up_to_regex=None, packages_above=None, packages_above_and_dependencies=None, packages_above_depth=None, packages_select_by_dep=None, packages_skip_by_dep=None, packages_skip_up_to=None, packages_select_build_failed=False, packages_skip_build_finished=False, packages_select_test_failures=False, packages_skip_test_passed=False, packages_select=None, packages_skip=None, packages_select_regex=None, packages_skip_regex=None, packages_start=None, packages_end=None, allow_overriding=[], cmake_args=None, cmake_target=None, cmake_target_skip_unavailable=False, cmake_clean_cache=False, cmake_clean_first=False, cmake_force_configure=False, ament_cmake_args=None, catkin_cmake_args=None, catkin_skip_building_tests=False, verb_parser=<colcon_defaults.argument_parser.defaults.DefaultArgumentsDecorator object at 0x70899e5276d0>, verb_extension=<colcon_core.verb.build.BuildVerb object at 0x70899e524250>, main=<bound method BuildVerb.main of <colcon_core.verb.build.BuildVerb object at 0x70899e524250>>)
[0.955s] Level 1:colcon.colcon_core.package_discovery:discover_packages(colcon_meta) check parameters
[0.955s] Level 1:colcon.colcon_core.package_discovery:discover_packages(recursive) check parameters
[0.955s] Level 1:colcon.colcon_core.package_discovery:discover_packages(ignore) check parameters
[0.956s] Level 1:colcon.colcon_core.package_discovery:discover_packages(path) check parameters
[0.956s] Level 1:colcon.colcon_core.package_discovery:discover_packages(colcon_meta) discover
[0.956s] Level 1:colcon.colcon_core.package_discovery:discover_packages(recursive) discover
[0.956s] INFO:colcon.colcon_core.package_discovery:Crawling recursively for packages in '/home/celestino/ros2_feng_ws'
[0.956s] Level 1:colcon.colcon_core.package_identification:_identify(.) by extensions ['ignore', 'ignore_ament_install']
[0.956s] Level 1:colcon.colcon_core.package_identification:_identify(.) by extension 'ignore'
[0.956s] Level 1:colcon.colcon_core.package_identification:_identify(.) by extension 'ignore_ament_install'
[0.956s] Level 1:colcon.colcon_core.package_identification:_identify(.) by extensions ['colcon_pkg']
[0.956s] Level 1:colcon.colcon_core.package_identification:_identify(.) by extension 'colcon_pkg'
[0.956s] Level 1:colcon.colcon_core.package_identification:_identify(.) by extensions ['colcon_meta']
[0.956s] Level 1:colcon.colcon_core.package_identification:_identify(.) by extension 'colcon_meta'
[0.956s] Level 1:colcon.colcon_core.package_identification:_identify(.) by extensions ['ros']
[0.956s] Level 1:colcon.colcon_core.package_identification:_identify(.) by extension 'ros'
[0.980s] Level 1:colcon.colcon_core.package_identification:_identify(.) by extensions ['cmake', 'python']
[0.980s] Level 1:colcon.colcon_core.package_identification:_identify(.) by extension 'cmake'
[0.980s] Level 1:colcon.colcon_core.package_identification:_identify(.) by extension 'python'
[0.980s] Level 1:colcon.colcon_core.package_identification:_identify(.) by extensions ['python_setup_py']
[0.980s] Level 1:colcon.colcon_core.package_identification:_identify(.) by extension 'python_setup_py'
[0.980s] Level 1:colcon.colcon_core.package_identification:_identify(build) by extensions ['ignore', 'ignore_ament_install']
[0.981s] Level 1:colcon.colcon_core.package_identification:_identify(build) by extension 'ignore'
[0.981s] Level 1:colcon.colcon_core.package_identification:_identify(build) ignored
[0.981s] Level 1:colcon.colcon_core.package_identification:_identify(install) by extensions ['ignore', 'ignore_ament_install']
[0.981s] Level 1:colcon.colcon_core.package_identification:_identify(install) by extension 'ignore'
[0.981s] Level 1:colcon.colcon_core.package_identification:_identify(install) ignored
[0.981s] Level 1:colcon.colcon_core.package_identification:_identify(log) by extensions ['ignore', 'ignore_ament_install']
[0.981s] Level 1:colcon.colcon_core.package_identification:_identify(log) by extension 'ignore'
[0.981s] Level 1:colcon.colcon_core.package_identification:_identify(log) ignored
[0.982s] Level 1:colcon.colcon_core.package_identification:_identify(src) by extensions ['ignore', 'ignore_ament_install']
[0.982s] Level 1:colcon.colcon_core.package_identification:_identify(src) by extension 'ignore'
[0.982s] Level 1:colcon.colcon_core.package_identification:_identify(src) by extension 'ignore_ament_install'
[0.982s] Level 1:colcon.colcon_core.package_identification:_identify(src) by extensions ['colcon_pkg']
[0.982s] Level 1:colcon.colcon_core.package_identification:_identify(src) by extension 'colcon_pkg'
[0.982s] Level 1:colcon.colcon_core.package_identification:_identify(src) by extensions ['colcon_meta']
[0.982s] Level 1:colcon.colcon_core.package_identification:_identify(src) by extension 'colcon_meta'
[0.982s] Level 1:colcon.colcon_core.package_identification:_identify(src) by extensions ['ros']
[0.982s] Level 1:colcon.colcon_core.package_identification:_identify(src) by extension 'ros'
[0.982s] Level 1:colcon.colcon_core.package_identification:_identify(src) by extensions ['cmake', 'python']
[0.982s] Level 1:colcon.colcon_core.package_identification:_identify(src) by extension 'cmake'
[0.982s] Level 1:colcon.colcon_core.package_identification:_identify(src) by extension 'python'
[0.982s] Level 1:colcon.colcon_core.package_identification:_identify(src) by extensions ['python_setup_py']
[0.982s] Level 1:colcon.colcon_core.package_identification:_identify(src) by extension 'python_setup_py'
[0.983s] Level 1:colcon.colcon_core.package_identification:_identify(src/my_robot_description) by extensions ['ignore', 'ignore_ament_install']
[0.983s] Level 1:colcon.colcon_core.package_identification:_identify(src/my_robot_description) by extension 'ignore'
[0.983s] Level 1:colcon.colcon_core.package_identification:_identify(src/my_robot_description) by extension 'ignore_ament_install'
[0.983s] Level 1:colcon.colcon_core.package_identification:_identify(src/my_robot_description) by extensions ['colcon_pkg']
[0.983s] Level 1:colcon.colcon_core.package_identification:_identify(src/my_robot_description) by extension 'colcon_pkg'
[0.983s] Level 1:colcon.colcon_core.package_identification:_identify(src/my_robot_description) by extensions ['colcon_meta']
[0.983s] Level 1:colcon.colcon_core.package_identification:_identify(src/my_robot_description) by extension 'colcon_meta'
[0.983s] Level 1:colcon.colcon_core.package_identification:_identify(src/my_robot_description) by extensions ['ros']
[0.983s] Level 1:colcon.colcon_core.package_identification:_identify(src/my_robot_description) by extension 'ros'
[0.988s] DEBUG:colcon.colcon_core.package_identification:Package 'src/my_robot_description' with type 'ros.ament_cmake' and name 'my_robot_description'
[0.988s] Level 1:colcon.colcon_core.package_discovery:discover_packages(recursive) using defaults
[0.988s] Level 1:colcon.colcon_core.package_discovery:discover_packages(ignore) discover
[0.988s] Level 1:colcon.colcon_core.package_discovery:discover_packages(ignore) using defaults
[0.988s] Level 1:colcon.colcon_core.package_discovery:discover_packages(path) discover
[0.988s] Level 1:colcon.colcon_core.package_discovery:discover_packages(path) using defaults
[1.063s] Level 1:colcon.colcon_core.package_discovery:discover_packages(prefix_path) check parameters
[1.063s] Level 1:colcon.colcon_core.package_discovery:discover_packages(prefix_path) discover
[1.087s] DEBUG:colcon.colcon_installed_package_information.package_discovery:Found 1 installed packages in /home/celestino/ros2_feng_ws/install
[1.101s] DEBUG:colcon.colcon_installed_package_information.package_discovery:Found 345 installed packages in /home/celestino/ros2_humble/install
[1.106s] DEBUG:colcon.colcon_installed_package_information.package_discovery:Found 2 installed packages in /home/celestino/ros2_ws/install
[1.107s] DEBUG:colcon.colcon_installed_package_information.package_discovery:Found 133 installed packages in /opt/ros/humble
[1.116s] Level 1:colcon.colcon_core.package_discovery:discover_packages(prefix_path) using defaults
[1.186s] Level 5:colcon.colcon_core.verb:set package 'my_robot_description' build argument 'cmake_args' from command line to 'None'
[1.186s] Level 5:colcon.colcon_core.verb:set package 'my_robot_description' build argument 'cmake_target' from command line to 'None'
[1.186s] Level 5:colcon.colcon_core.verb:set package 'my_robot_description' build argument 'cmake_target_skip_unavailable' from command line to 'False'
[1.186s] Level 5:colcon.colcon_core.verb:set package 'my_robot_description' build argument 'cmake_clean_cache' from command line to 'False'
[1.186s] Level 5:colcon.colcon_core.verb:set package 'my_robot_description' build argument 'cmake_clean_first' from command line to 'False'
[1.186s] Level 5:colcon.colcon_core.verb:set package 'my_robot_description' build argument 'cmake_force_configure' from command line to 'False'
[1.186s] Level 5:colcon.colcon_core.verb:set package 'my_robot_description' build argument 'ament_cmake_args' from command line to 'None'
[1.187s] Level 5:colcon.colcon_core.verb:set package 'my_robot_description' build argument 'catkin_cmake_args' from command line to 'None'
[1.187s] Level 5:colcon.colcon_core.verb:set package 'my_robot_description' build argument 'catkin_skip_building_tests' from command line to 'False'
[1.187s] DEBUG:colcon.colcon_core.verb:Building package 'my_robot_description' with the following arguments: {'ament_cmake_args': None, 'build_base': '/home/celestino/ros2_feng_ws/build/my_robot_description', 'catkin_cmake_args': None, 'catkin_skip_building_tests': False, 'cmake_args': None, 'cmake_clean_cache': False, 'cmake_clean_first': False, 'cmake_force_configure': False, 'cmake_target': None, 'cmake_target_skip_unavailable': False, 'install_base': '/home/celestino/ros2_feng_ws/install/my_robot_description', 'merge_install': False, 'path': '/home/celestino/ros2_feng_ws/src/my_robot_description', 'symlink_install': False, 'test_result_base': None}
[1.187s] INFO:colcon.colcon_core.executor:Executing jobs using 'parallel' executor
[1.188s] DEBUG:colcon.colcon_parallel_executor.executor.parallel:run_until_complete
[1.189s] INFO:colcon.colcon_ros.task.ament_cmake.build:Building ROS package in '/home/celestino/ros2_feng_ws/src/my_robot_description' with build type 'ament_cmake'
[1.189s] INFO:colcon.colcon_cmake.task.cmake.build:Building CMake package in '/home/celestino/ros2_feng_ws/src/my_robot_description'
[1.201s] INFO:colcon.colcon_core.plugin_system:Skipping extension 'colcon_core.shell.bat': Not used on non-Windows systems
[1.201s] INFO:colcon.colcon_core.shell:Skip shell extension 'powershell' for command environment: Not usable outside of PowerShell
[1.202s] DEBUG:colcon.colcon_core.shell:Skip shell extension 'dsv' for command environment
[1.264s] DEBUG:colcon.colcon_core.event_handler.log_command:Invoking command in '/home/celestino/ros2_feng_ws/build/my_robot_description': CMAKE_PREFIX_PATH=${CMAKE_PREFIX_PATH}:/opt/ros/humble:/home/celestino/ros2_ws/install/my_py_pkg:/home/celestino/ros2_humble/install/rqt_bag_plugins:/home/celestino/ros2_humble/install/rqt_bag:/home/celestino/ros2_humble/install/ros2bag:/home/celestino/ros2_humble/install/tracetools_test:/home/celestino/ros2_humble/install/tracetools_launch:/home/celestino/ros2_humble/install/topic_monitor:/home/celestino/ros2_humble/install/tf2_tools:/home/celestino/ros2_humble/install/examples_tf2_py:/home/celestino/ros2_humble/install/tf2_ros_py:/home/celestino/ros2_humble/install/sros2:/home/celestino/ros2_humble/install/rqt_topic:/home/celestino/ros2_humble/install/rqt_srv:/home/celestino/ros2_humble/install/rqt_shell:/home/celestino/ros2_humble/install/rqt_service_caller:/home/celestino/ros2_humble/install/rqt_reconfigure:/home/celestino/ros2_humble/install/rqt_py_console:/home/celestino/ros2_humble/install/rqt_publisher:/home/celestino/ros2_humble/install/rqt_plot:/home/celestino/ros2_humble/install/rqt_action:/home/celestino/ros2_humble/install/rqt_msg:/home/celestino/ros2_humble/install/rqt_console:/home/celestino/ros2_humble/install/rqt:/home/celestino/ros2_humble/install/rqt_graph:/home/celestino/ros2_humble/install/rqt_gui_py:/home/celestino/ros2_humble/install/rqt_gui:/home/celestino/ros2_humble/install/ros2trace:/home/celestino/ros2_humble/install/ros2topic:/home/celestino/ros2_humble/install/ros2test:/home/celestino/ros2_humble/install/ros2component:/home/celestino/ros2_humble/install/ros2param:/home/celestino/ros2_humble/install/ros2lifecycle:/home/celestino/ros2_humble/install/ros2service:/home/celestino/ros2_humble/install/ros2run:/home/celestino/ros2_humble/install/ros2launch:/home/celestino/ros2_humble/install/ros2pkg:/home/celestino/ros2_humble/install/ros2node:/home/celestino/ros2_humble/install/ros2multicast:/home/celestino/ros2_humble/install/ros2interface:/home/celestino/ros2_humble/install/ros2doctor:/home/celestino/ros2_humble/install/ros2action:/home/celestino/ros2_humble/install/ros2cli:/home/celestino/ros2_humble/install/quality_of_service_demo_py:/home/celestino/ros2_humble/install/lifecycle_py:/home/celestino/ros2_humble/install/launch_testing_ros:/home/celestino/ros2_humble/install/launch_ros:/home/celestino/ros2_humble/install/examples_rclpy_pointcloud_publisher:/home/celestino/ros2_humble/install/examples_rclpy_minimal_subscriber:/home/celestino/ros2_humble/install/examples_rclpy_minimal_service:/home/celestino/ros2_humble/install/examples_rclpy_minimal_publisher:/home/celestino/ros2_humble/install/examples_rclpy_minimal_client:/home/celestino/ros2_humble/install/examples_rclpy_minimal_action_server:/home/celestino/ros2_humble/install/examples_rclpy_minimal_action_client:/home/celestino/ros2_humble/install/examples_rclpy_guard_conditions:/home/celestino/ros2_humble/install/examples_rclpy_executors:/home/celestino/ros2_humble/install/demo_nodes_py:/home/celestino/ros2_humble/install/action_tutorials_py:/home/celestino/ros2_humble/install/ament_uncrustify:/home/celestino/ros2_humble/install/tracetools_trace:/home/celestino/ros2_humble/install/tracetools_read:/home/celestino/ros2_humble/install/test_tracetools_launch:/home/celestino/ros2_humble/install/test_launch_ros:/home/celestino/ros2_humble/install/sensor_msgs_py:/home/celestino/ros2_humble/install/rpyutils:/home/celestino/ros2_humble/install/rosidl_runtime_py:/home/celestino/ros2_humble/install/rosidl_cli:/home/celestino/ros2_humble/install/launch_pytest:/home/celestino/ros2_humble/install/launch_testing:/home/celestino/ros2_humble/install/launch_yaml:/home/celestino/ros2_humble/install/launch_xml:/home/celestino/ros2_humble/install/launch:/home/celestino/ros2_humble/install/osrf_pycommon:/home/celestino/ros2_humble/install/launch_testing_examples:/home/celestino/ros2_humble/install/domain_coordinator:/home/celestino/ros2_humble/install/ament_xmllint:/home/celestino/ros2_humble/install/ament_pyflakes:/home/celestino/ros2_humble/install/ament_pycodestyle:/home/celestino/ros2_humble/install/ament_pep257:/home/celestino/ros2_humble/install/ament_pclint:/home/celestino/ros2_humble/install/ament_package:/home/celestino/ros2_humble/install/ament_mypy:/home/celestino/ros2_humble/install/ament_lint_cmake:/home/celestino/ros2_humble/install/ament_flake8:/home/celestino/ros2_humble/install/ament_copyright:/home/celestino/ros2_humble/install/ament_lint:/home/celestino/ros2_humble/install/ament_index_python:/home/celestino/ros2_humble/install/ament_cpplint:/home/celestino/ros2_humble/install/ament_cppcheck:/home/celestino/ros2_humble/install/ament_clang_tidy:/home/celestino/ros2_humble/install/ament_clang_format /usr/bin/cmake --build /home/celestino/ros2_feng_ws/build/my_robot_description -- -j4 -l4
[1.417s] DEBUG:colcon.colcon_core.event_handler.log_command:Invoked command in '/home/celestino/ros2_feng_ws/build/my_robot_description' returned '0': CMAKE_PREFIX_PATH=${CMAKE_PREFIX_PATH}:/opt/ros/humble:/home/celestino/ros2_ws/install/my_py_pkg:/home/celestino/ros2_humble/install/rqt_bag_plugins:/home/celestino/ros2_humble/install/rqt_bag:/home/celestino/ros2_humble/install/ros2bag:/home/celestino/ros2_humble/install/tracetools_test:/home/celestino/ros2_humble/install/tracetools_launch:/home/celestino/ros2_humble/install/topic_monitor:/home/celestino/ros2_humble/install/tf2_tools:/home/celestino/ros2_humble/install/examples_tf2_py:/home/celestino/ros2_humble/install/tf2_ros_py:/home/celestino/ros2_humble/install/sros2:/home/celestino/ros2_humble/install/rqt_topic:/home/celestino/ros2_humble/install/rqt_srv:/home/celestino/ros2_humble/install/rqt_shell:/home/celestino/ros2_humble/install/rqt_service_caller:/home/celestino/ros2_humble/install/rqt_reconfigure:/home/celestino/ros2_humble/install/rqt_py_console:/home/celestino/ros2_humble/install/rqt_publisher:/home/celestino/ros2_humble/install/rqt_plot:/home/celestino/ros2_humble/install/rqt_action:/home/celestino/ros2_humble/install/rqt_msg:/home/celestino/ros2_humble/install/rqt_console:/home/celestino/ros2_humble/install/rqt:/home/celestino/ros2_humble/install/rqt_graph:/home/celestino/ros2_humble/install/rqt_gui_py:/home/celestino/ros2_humble/install/rqt_gui:/home/celestino/ros2_humble/install/ros2trace:/home/celestino/ros2_humble/install/ros2topic:/home/celestino/ros2_humble/install/ros2test:/home/celestino/ros2_humble/install/ros2component:/home/celestino/ros2_humble/install/ros2param:/home/celestino/ros2_humble/install/ros2lifecycle:/home/celestino/ros2_humble/install/ros2service:/home/celestino/ros2_humble/install/ros2run:/home/celestino/ros2_humble/install/ros2launch:/home/celestino/ros2_humble/install/ros2pkg:/home/celestino/ros2_humble/install/ros2node:/home/celestino/ros2_humble/install/ros2multicast:/home/celestino/ros2_humble/install/ros2interface:/home/celestino/ros2_humble/install/ros2doctor:/home/celestino/ros2_humble/install/ros2action:/home/celestino/ros2_humble/install/ros2cli:/home/celestino/ros2_humble/install/quality_of_service_demo_py:/home/celestino/ros2_humble/install/lifecycle_py:/home/celestino/ros2_humble/install/launch_testing_ros:/home/celestino/ros2_humble/install/launch_ros:/home/celestino/ros2_humble/install/examples_rclpy_pointcloud_publisher:/home/celestino/ros2_humble/install/examples_rclpy_minimal_subscriber:/home/celestino/ros2_humble/install/examples_rclpy_minimal_service:/home/celestino/ros2_humble/install/examples_rclpy_minimal_publisher:/home/celestino/ros2_humble/install/examples_rclpy_minimal_client:/home/celestino/ros2_humble/install/examples_rclpy_minimal_action_server:/home/celestino/ros2_humble/install/examples_rclpy_minimal_action_client:/home/celestino/ros2_humble/install/examples_rclpy_guard_conditions:/home/celestino/ros2_humble/install/examples_rclpy_executors:/home/celestino/ros2_humble/install/demo_nodes_py:/home/celestino/ros2_humble/install/action_tutorials_py:/home/celestino/ros2_humble/install/ament_uncrustify:/home/celestino/ros2_humble/install/tracetools_trace:/home/celestino/ros2_humble/install/tracetools_read:/home/celestino/ros2_humble/install/test_tracetools_launch:/home/celestino/ros2_humble/install/test_launch_ros:/home/celestino/ros2_humble/install/sensor_msgs_py:/home/celestino/ros2_humble/install/rpyutils:/home/celestino/ros2_humble/install/rosidl_runtime_py:/home/celestino/ros2_humble/install/rosidl_cli:/home/celestino/ros2_humble/install/launch_pytest:/home/celestino/ros2_humble/install/launch_testing:/home/celestino/ros2_humble/install/launch_yaml:/home/celestino/ros2_humble/install/launch_xml:/home/celestino/ros2_humble/install/launch:/home/celestino/ros2_humble/install/osrf_pycommon:/home/celestino/ros2_humble/install/launch_testing_examples:/home/celestino/ros2_humble/install/domain_coordinator:/home/celestino/ros2_humble/install/ament_xmllint:/home/celestino/ros2_humble/install/ament_pyflakes:/home/celestino/ros2_humble/install/ament_pycodestyle:/home/celestino/ros2_humble/install/ament_pep257:/home/celestino/ros2_humble/install/ament_pclint:/home/celestino/ros2_humble/install/ament_package:/home/celestino/ros2_humble/install/ament_mypy:/home/celestino/ros2_humble/install/ament_lint_cmake:/home/celestino/ros2_humble/install/ament_flake8:/home/celestino/ros2_humble/install/ament_copyright:/home/celestino/ros2_humble/install/ament_lint:/home/celestino/ros2_humble/install/ament_index_python:/home/celestino/ros2_humble/install/ament_cpplint:/home/celestino/ros2_humble/install/ament_cppcheck:/home/celestino/ros2_humble/install/ament_clang_tidy:/home/celestino/ros2_humble/install/ament_clang_format /usr/bin/cmake --build /home/celestino/ros2_feng_ws/build/my_robot_description -- -j4 -l4
[1.593s] DEBUG:colcon.colcon_core.event_handler.log_command:Invoking command in '/home/celestino/ros2_feng_ws/build/my_robot_description': CMAKE_PREFIX_PATH=${CMAKE_PREFIX_PATH}:/opt/ros/humble:/home/celestino/ros2_ws/install/my_py_pkg:/home/celestino/ros2_humble/install/rqt_bag_plugins:/home/celestino/ros2_humble/install/rqt_bag:/home/celestino/ros2_humble/install/ros2bag:/home/celestino/ros2_humble/install/tracetools_test:/home/celestino/ros2_humble/install/tracetools_launch:/home/celestino/ros2_humble/install/topic_monitor:/home/celestino/ros2_humble/install/tf2_tools:/home/celestino/ros2_humble/install/examples_tf2_py:/home/celestino/ros2_humble/install/tf2_ros_py:/home/celestino/ros2_humble/install/sros2:/home/celestino/ros2_humble/install/rqt_topic:/home/celestino/ros2_humble/install/rqt_srv:/home/celestino/ros2_humble/install/rqt_shell:/home/celestino/ros2_humble/install/rqt_service_caller:/home/celestino/ros2_humble/install/rqt_reconfigure:/home/celestino/ros2_humble/install/rqt_py_console:/home/celestino/ros2_humble/install/rqt_publisher:/home/celestino/ros2_humble/install/rqt_plot:/home/celestino/ros2_humble/install/rqt_action:/home/celestino/ros2_humble/install/rqt_msg:/home/celestino/ros2_humble/install/rqt_console:/home/celestino/ros2_humble/install/rqt:/home/celestino/ros2_humble/install/rqt_graph:/home/celestino/ros2_humble/install/rqt_gui_py:/home/celestino/ros2_humble/install/rqt_gui:/home/celestino/ros2_humble/install/ros2trace:/home/celestino/ros2_humble/install/ros2topic:/home/celestino/ros2_humble/install/ros2test:/home/celestino/ros2_humble/install/ros2component:/home/celestino/ros2_humble/install/ros2param:/home/celestino/ros2_humble/install/ros2lifecycle:/home/celestino/ros2_humble/install/ros2service:/home/celestino/ros2_humble/install/ros2run:/home/celestino/ros2_humble/install/ros2launch:/home/celestino/ros2_humble/install/ros2pkg:/home/celestino/ros2_humble/install/ros2node:/home/celestino/ros2_humble/install/ros2multicast:/home/celestino/ros2_humble/install/ros2interface:/home/celestino/ros2_humble/install/ros2doctor:/home/celestino/ros2_humble/install/ros2action:/home/celestino/ros2_humble/install/ros2cli:/home/celestino/ros2_humble/install/quality_of_service_demo_py:/home/celestino/ros2_humble/install/lifecycle_py:/home/celestino/ros2_humble/install/launch_testing_ros:/home/celestino/ros2_humble/install/launch_ros:/home/celestino/ros2_humble/install/examples_rclpy_pointcloud_publisher:/home/celestino/ros2_humble/install/examples_rclpy_minimal_subscriber:/home/celestino/ros2_humble/install/examples_rclpy_minimal_service:/home/celestino/ros2_humble/install/examples_rclpy_minimal_publisher:/home/celestino/ros2_humble/install/examples_rclpy_minimal_client:/home/celestino/ros2_humble/install/examples_rclpy_minimal_action_server:/home/celestino/ros2_humble/install/examples_rclpy_minimal_action_client:/home/celestino/ros2_humble/install/examples_rclpy_guard_conditions:/home/celestino/ros2_humble/install/examples_rclpy_executors:/home/celestino/ros2_humble/install/demo_nodes_py:/home/celestino/ros2_humble/install/action_tutorials_py:/home/celestino/ros2_humble/install/ament_uncrustify:/home/celestino/ros2_humble/install/tracetools_trace:/home/celestino/ros2_humble/install/tracetools_read:/home/celestino/ros2_humble/install/test_tracetools_launch:/home/celestino/ros2_humble/install/test_launch_ros:/home/celestino/ros2_humble/install/sensor_msgs_py:/home/celestino/ros2_humble/install/rpyutils:/home/celestino/ros2_humble/install/rosidl_runtime_py:/home/celestino/ros2_humble/install/rosidl_cli:/home/celestino/ros2_humble/install/launch_pytest:/home/celestino/ros2_humble/install/launch_testing:/home/celestino/ros2_humble/install/launch_yaml:/home/celestino/ros2_humble/install/launch_xml:/home/celestino/ros2_humble/install/launch:/home/celestino/ros2_humble/install/osrf_pycommon:/home/celestino/ros2_humble/install/launch_testing_examples:/home/celestino/ros2_humble/install/domain_coordinator:/home/celestino/ros2_humble/install/ament_xmllint:/home/celestino/ros2_humble/install/ament_pyflakes:/home/celestino/ros2_humble/install/ament_pycodestyle:/home/celestino/ros2_humble/install/ament_pep257:/home/celestino/ros2_humble/install/ament_pclint:/home/celestino/ros2_humble/install/ament_package:/home/celestino/ros2_humble/install/ament_mypy:/home/celestino/ros2_humble/install/ament_lint_cmake:/home/celestino/ros2_humble/install/ament_flake8:/home/celestino/ros2_humble/install/ament_copyright:/home/celestino/ros2_humble/install/ament_lint:/home/celestino/ros2_humble/install/ament_index_python:/home/celestino/ros2_humble/install/ament_cpplint:/home/celestino/ros2_humble/install/ament_cppcheck:/home/celestino/ros2_humble/install/ament_clang_tidy:/home/celestino/ros2_humble/install/ament_clang_format /usr/bin/cmake --install /home/celestino/ros2_feng_ws/build/my_robot_description
[1.665s] Level 1:colcon.colcon_core.environment:create_environment_scripts_only(my_robot_description)
[1.666s] DEBUG:colcon.colcon_core.event_handler.log_command:Invoked command in '/home/celestino/ros2_feng_ws/build/my_robot_description' returned '0': CMAKE_PREFIX_PATH=${CMAKE_PREFIX_PATH}:/opt/ros/humble:/home/celestino/ros2_ws/install/my_py_pkg:/home/celestino/ros2_humble/install/rqt_bag_plugins:/home/celestino/ros2_humble/install/rqt_bag:/home/celestino/ros2_humble/install/ros2bag:/home/celestino/ros2_humble/install/tracetools_test:/home/celestino/ros2_humble/install/tracetools_launch:/home/celestino/ros2_humble/install/topic_monitor:/home/celestino/ros2_humble/install/tf2_tools:/home/celestino/ros2_humble/install/examples_tf2_py:/home/celestino/ros2_humble/install/tf2_ros_py:/home/celestino/ros2_humble/install/sros2:/home/celestino/ros2_humble/install/rqt_topic:/home/celestino/ros2_humble/install/rqt_srv:/home/celestino/ros2_humble/install/rqt_shell:/home/celestino/ros2_humble/install/rqt_service_caller:/home/celestino/ros2_humble/install/rqt_reconfigure:/home/celestino/ros2_humble/install/rqt_py_console:/home/celestino/ros2_humble/install/rqt_publisher:/home/celestino/ros2_humble/install/rqt_plot:/home/celestino/ros2_humble/install/rqt_action:/home/celestino/ros2_humble/install/rqt_msg:/home/celestino/ros2_humble/install/rqt_console:/home/celestino/ros2_humble/install/rqt:/home/celestino/ros2_humble/install/rqt_graph:/home/celestino/ros2_humble/install/rqt_gui_py:/home/celestino/ros2_humble/install/rqt_gui:/home/celestino/ros2_humble/install/ros2trace:/home/celestino/ros2_humble/install/ros2topic:/home/celestino/ros2_humble/install/ros2test:/home/celestino/ros2_humble/install/ros2component:/home/celestino/ros2_humble/install/ros2param:/home/celestino/ros2_humble/install/ros2lifecycle:/home/celestino/ros2_humble/install/ros2service:/home/celestino/ros2_humble/install/ros2run:/home/celestino/ros2_humble/install/ros2launch:/home/celestino/ros2_humble/install/ros2pkg:/home/celestino/ros2_humble/install/ros2node:/home/celestino/ros2_humble/install/ros2multicast:/home/celestino/ros2_humble/install/ros2interface:/home/celestino/ros2_humble/install/ros2doctor:/home/celestino/ros2_humble/install/ros2action:/home/celestino/ros2_humble/install/ros2cli:/home/celestino/ros2_humble/install/quality_of_service_demo_py:/home/celestino/ros2_humble/install/lifecycle_py:/home/celestino/ros2_humble/install/launch_testing_ros:/home/celestino/ros2_humble/install/launch_ros:/home/celestino/ros2_humble/install/examples_rclpy_pointcloud_publisher:/home/celestino/ros2_humble/install/examples_rclpy_minimal_subscriber:/home/celestino/ros2_humble/install/examples_rclpy_minimal_service:/home/celestino/ros2_humble/install/examples_rclpy_minimal_publisher:/home/celestino/ros2_humble/install/examples_rclpy_minimal_client:/home/celestino/ros2_humble/install/examples_rclpy_minimal_action_server:/home/celestino/ros2_humble/install/examples_rclpy_minimal_action_client:/home/celestino/ros2_humble/install/examples_rclpy_guard_conditions:/home/celestino/ros2_humble/install/examples_rclpy_executors:/home/celestino/ros2_humble/install/demo_nodes_py:/home/celestino/ros2_humble/install/action_tutorials_py:/home/celestino/ros2_humble/install/ament_uncrustify:/home/celestino/ros2_humble/install/tracetools_trace:/home/celestino/ros2_humble/install/tracetools_read:/home/celestino/ros2_humble/install/test_tracetools_launch:/home/celestino/ros2_humble/install/test_launch_ros:/home/celestino/ros2_humble/install/sensor_msgs_py:/home/celestino/ros2_humble/install/rpyutils:/home/celestino/ros2_humble/install/rosidl_runtime_py:/home/celestino/ros2_humble/install/rosidl_cli:/home/celestino/ros2_humble/install/launch_pytest:/home/celestino/ros2_humble/install/launch_testing:/home/celestino/ros2_humble/install/launch_yaml:/home/celestino/ros2_humble/install/launch_xml:/home/celestino/ros2_humble/install/launch:/home/celestino/ros2_humble/install/osrf_pycommon:/home/celestino/ros2_humble/install/launch_testing_examples:/home/celestino/ros2_humble/install/domain_coordinator:/home/celestino/ros2_humble/install/ament_xmllint:/home/celestino/ros2_humble/install/ament_pyflakes:/home/celestino/ros2_humble/install/ament_pycodestyle:/home/celestino/ros2_humble/install/ament_pep257:/home/celestino/ros2_humble/install/ament_pclint:/home/celestino/ros2_humble/install/ament_package:/home/celestino/ros2_humble/install/ament_mypy:/home/celestino/ros2_humble/install/ament_lint_cmake:/home/celestino/ros2_humble/install/ament_flake8:/home/celestino/ros2_humble/install/ament_copyright:/home/celestino/ros2_humble/install/ament_lint:/home/celestino/ros2_humble/install/ament_index_python:/home/celestino/ros2_humble/install/ament_cpplint:/home/celestino/ros2_humble/install/ament_cppcheck:/home/celestino/ros2_humble/install/ament_clang_tidy:/home/celestino/ros2_humble/install/ament_clang_format /usr/bin/cmake --install /home/celestino/ros2_feng_ws/build/my_robot_description
[1.678s] Level 1:colcon.colcon_core.environment:checking '/home/celestino/ros2_feng_ws/install/my_robot_description' for CMake module files
[1.679s] Level 1:colcon.colcon_core.environment:checking '/home/celestino/ros2_feng_ws/install/my_robot_description' for CMake config files
[1.680s] Level 1:colcon.colcon_core.shell:create_environment_hook('my_robot_description', 'cmake_prefix_path')
[1.680s] INFO:colcon.colcon_core.shell:Creating environment hook '/home/celestino/ros2_feng_ws/install/my_robot_description/share/my_robot_description/hook/cmake_prefix_path.ps1'
[1.681s] INFO:colcon.colcon_core.shell:Creating environment descriptor '/home/celestino/ros2_feng_ws/install/my_robot_description/share/my_robot_description/hook/cmake_prefix_path.dsv'
[1.682s] INFO:colcon.colcon_core.shell:Creating environment hook '/home/celestino/ros2_feng_ws/install/my_robot_description/share/my_robot_description/hook/cmake_prefix_path.sh'
[1.683s] Level 1:colcon.colcon_core.environment:checking '/home/celestino/ros2_feng_ws/install/my_robot_description/bin'
[1.683s] Level 1:colcon.colcon_core.environment:checking '/home/celestino/ros2_feng_ws/install/my_robot_description/lib/pkgconfig/my_robot_description.pc'
[1.684s] Level 1:colcon.colcon_core.environment:checking '/home/celestino/ros2_feng_ws/install/my_robot_description/lib/python3.10/site-packages'
[1.684s] Level 1:colcon.colcon_core.environment:checking '/home/celestino/ros2_feng_ws/install/my_robot_description/bin'
[1.684s] INFO:colcon.colcon_core.shell:Creating package script '/home/celestino/ros2_feng_ws/install/my_robot_description/share/my_robot_description/package.ps1'
[1.686s] INFO:colcon.colcon_core.shell:Creating package descriptor '/home/celestino/ros2_feng_ws/install/my_robot_description/share/my_robot_description/package.dsv'
[1.686s] INFO:colcon.colcon_core.shell:Creating package script '/home/celestino/ros2_feng_ws/install/my_robot_description/share/my_robot_description/package.sh'
[1.688s] INFO:colcon.colcon_core.shell:Creating package script '/home/celestino/ros2_feng_ws/install/my_robot_description/share/my_robot_description/package.bash'
[1.689s] INFO:colcon.colcon_core.shell:Creating package script '/home/celestino/ros2_feng_ws/install/my_robot_description/share/my_robot_description/package.zsh'
[1.690s] Level 1:colcon.colcon_core.environment:create_file_with_runtime_dependencies(/home/celestino/ros2_feng_ws/install/my_robot_description/share/colcon-core/packages/my_robot_description)
[1.808s] Level 1:colcon.colcon_core.environment:create_environment_scripts_only(my_robot_description)
[1.809s] Level 1:colcon.colcon_core.environment:checking '/home/celestino/ros2_feng_ws/install/my_robot_description' for CMake module files
[1.810s] Level 1:colcon.colcon_core.environment:checking '/home/celestino/ros2_feng_ws/install/my_robot_description' for CMake config files
[1.811s] Level 1:colcon.colcon_core.shell:create_environment_hook('my_robot_description', 'cmake_prefix_path')
[1.811s] INFO:colcon.colcon_core.shell:Creating environment hook '/home/celestino/ros2_feng_ws/install/my_robot_description/share/my_robot_description/hook/cmake_prefix_path.ps1'
[1.812s] INFO:colcon.colcon_core.shell:Creating environment descriptor '/home/celestino/ros2_feng_ws/install/my_robot_description/share/my_robot_description/hook/cmake_prefix_path.dsv'
[1.813s] INFO:colcon.colcon_core.shell:Creating environment hook '/home/celestino/ros2_feng_ws/install/my_robot_description/share/my_robot_description/hook/cmake_prefix_path.sh'
[1.814s] Level 1:colcon.colcon_core.environment:checking '/home/celestino/ros2_feng_ws/install/my_robot_description/bin'
[1.814s] Level 1:colcon.colcon_core.environment:checking '/home/celestino/ros2_feng_ws/install/my_robot_description/lib/pkgconfig/my_robot_description.pc'
[1.814s] Level 1:colcon.colcon_core.environment:checking '/home/celestino/ros2_feng_ws/install/my_robot_description/lib/python3.10/site-packages'
[1.814s] Level 1:colcon.colcon_core.environment:checking '/home/celestino/ros2_feng_ws/install/my_robot_description/bin'
[1.815s] INFO:colcon.colcon_core.shell:Creating package script '/home/celestino/ros2_feng_ws/install/my_robot_description/share/my_robot_description/package.ps1'
[1.816s] INFO:colcon.colcon_core.shell:Creating package descriptor '/home/celestino/ros2_feng_ws/install/my_robot_description/share/my_robot_description/package.dsv'
[1.817s] INFO:colcon.colcon_core.shell:Creating package script '/home/celestino/ros2_feng_ws/install/my_robot_description/share/my_robot_description/package.sh'
[1.818s] INFO:colcon.colcon_core.shell:Creating package script '/home/celestino/ros2_feng_ws/install/my_robot_description/share/my_robot_description/package.bash'
[1.819s] INFO:colcon.colcon_core.shell:Creating package script '/home/celestino/ros2_feng_ws/install/my_robot_description/share/my_robot_description/package.zsh'
[1.819s] Level 1:colcon.colcon_core.environment:create_file_with_runtime_dependencies(/home/celestino/ros2_feng_ws/install/my_robot_description/share/colcon-core/packages/my_robot_description)
[1.820s] DEBUG:colcon.colcon_parallel_executor.executor.parallel:closing loop
[1.820s] DEBUG:colcon.colcon_parallel_executor.executor.parallel:loop closed
[1.820s] DEBUG:colcon.colcon_parallel_executor.executor.parallel:run_until_complete finished with '0'
[1.821s] DEBUG:colcon.colcon_core.event_reactor:joining thread
[1.844s] INFO:colcon.colcon_core.plugin_system:Skipping extension 'colcon_notification.desktop_notification.terminal_notifier': Not used on non-Darwin systems
[1.844s] INFO:colcon.colcon_core.plugin_system:Skipping extension 'colcon_notification.desktop_notification.win32': Not used on non-Windows systems
[1.844s] INFO:colcon.colcon_notification.desktop_notification:Sending desktop notification using 'notify2'
[1.864s] DEBUG:colcon.colcon_core.event_reactor:joined thread
[1.865s] INFO:colcon.colcon_core.shell:Creating prefix script '/home/celestino/ros2_feng_ws/install/local_setup.ps1'
[1.866s] INFO:colcon.colcon_core.shell:Creating prefix util module '/home/celestino/ros2_feng_ws/install/_local_setup_util_ps1.py'
[1.869s] INFO:colcon.colcon_core.shell:Creating prefix chain script '/home/celestino/ros2_feng_ws/install/setup.ps1'
[1.891s] INFO:colcon.colcon_core.shell:Creating prefix script '/home/celestino/ros2_feng_ws/install/local_setup.sh'
[1.892s] INFO:colcon.colcon_core.shell:Creating prefix util module '/home/celestino/ros2_feng_ws/install/_local_setup_util_sh.py'
[1.893s] INFO:colcon.colcon_core.shell:Creating prefix chain script '/home/celestino/ros2_feng_ws/install/setup.sh'
[1.915s] INFO:colcon.colcon_core.shell:Creating prefix script '/home/celestino/ros2_feng_ws/install/local_setup.bash'
[1.917s] INFO:colcon.colcon_core.shell:Creating prefix chain script '/home/celestino/ros2_feng_ws/install/setup.bash'
[1.938s] INFO:colcon.colcon_core.shell:Creating prefix script '/home/celestino/ros2_feng_ws/install/local_setup.zsh'
[1.939s] INFO:colcon.colcon_core.shell:Creating prefix chain script '/home/celestino/ros2_feng_ws/install/setup.zsh'
